"../../../Engine/Plugins/2D/Paper2D/Content/PlaceholderTextures/DummySpriteTexture.ubulk" 0
"../../../Engine/Plugins/2D/Paper2D/Content/PlaceholderTextures/DummySpriteTexture.uasset" 1
"../../../Engine/Plugins/2D/Paper2D/Content/PlaceholderTextures/DummySpriteTexture.uexp" 2
"../../../Engine/Plugins/2D/Paper2D/Content/DummySprite.uasset" 3
"../../../Engine/Plugins/2D/Paper2D/Content/DummySprite.uexp" 4
"../../../Engine/Plugins/2D/Paper2D/Content/DefaultPaperTerrainMaterial.uasset" 5
"../../../Engine/Plugins/2D/Paper2D/Content/DefaultPaperTerrainMaterial.uexp" 6
"../../../Engine/Plugins/Animation/ACLPlugin/Content/ACLAnimCurveCompressionSettings.uasset" 7
"../../../Engine/Plugins/Animation/ACLPlugin/Content/ACLAnimCurveCompressionSettings.uexp" 8
"../../../Engine/Plugins/Animation/ACLPlugin/Content/ACLAnimBoneCompressionSettings.uasset" 9
"../../../Engine/Plugins/Animation/ACLPlugin/Content/ACLAnimBoneCompressionSettings.uexp" 10
"../../../Engine/Content/Animation/DefaultVariableFrameStrippingSettings.uasset" 11
"../../../Engine/Content/Animation/DefaultVariableFrameStrippingSettings.uexp" 12
"../../../Engine/Content/Animation/DefaultRecorderBoneCompression.uasset" 13
"../../../Engine/Content/Animation/DefaultRecorderBoneCompression.uexp" 14
"../../../Engine/Plugins/Animation/ControlRig/Content/Controls/DefaultGizmoLibraryNormalized.uasset" 15
"../../../Engine/Plugins/Animation/ControlRig/Content/Controls/DefaultGizmoLibraryNormalized.uexp" 16
"../../../Engine/Content/EngineSounds/Master.uasset" 17
"../../../Engine/Content/EngineSounds/Master.uexp" 18
"../../../Engine/Content/EngineMaterials/DefaultPhysicalMaterial.uasset" 19
"../../../Engine/Content/EngineMaterials/DefaultPhysicalMaterial.uexp" 20
"../../../Engine/Content/EngineMaterials/DefaultDestructiblePhysicalMaterial.uasset" 21
"../../../Engine/Content/EngineMaterials/DefaultDestructiblePhysicalMaterial.uexp" 22
"../../../Engine/Content/EngineFonts/Faces/DroidSansFallback.uexp" 23
"../../../Engine/Content/EngineFonts/Faces/DroidSansFallback.uasset" 24
"../../../Engine/Content/EngineFonts/Faces/DroidSansFallback.ufont" 25
"../../../Engine/Content/EngineFonts/Faces/RobotoBold.uexp" 26
"../../../Engine/Content/EngineFonts/Faces/RobotoBold.uasset" 27
"../../../Engine/Content/EngineFonts/Faces/RobotoBold.ufont" 28
"../../../Engine/Content/EngineFonts/Faces/RobotoBoldItalic.uexp" 29
"../../../Engine/Content/EngineFonts/Faces/RobotoBoldItalic.uasset" 30
"../../../Engine/Content/EngineFonts/Faces/RobotoBoldItalic.ufont" 31
"../../../Engine/Content/EngineFonts/Faces/RobotoItalic.uexp" 32
"../../../Engine/Content/EngineFonts/Faces/RobotoItalic.uasset" 33
"../../../Engine/Content/EngineFonts/Faces/RobotoItalic.ufont" 34
"../../../Engine/Content/EngineFonts/Faces/RobotoLight.uexp" 35
"../../../Engine/Content/EngineFonts/Faces/RobotoLight.uasset" 36
"../../../Engine/Content/EngineFonts/Faces/RobotoLight.ufont" 37
"../../../Engine/Content/EngineFonts/Faces/RobotoRegular.uexp" 38
"../../../Engine/Content/EngineFonts/Faces/RobotoRegular.uasset" 39
"../../../Engine/Content/EngineFonts/Faces/RobotoRegular.ufont" 40
"../../../Engine/Content/EngineFonts/Roboto.uasset" 41
"../../../Engine/Content/EngineFonts/Roboto.uexp" 42
"../../../Engine/Content/EngineFonts/Faces/DroidSansMono.uexp" 43
"../../../Engine/Content/EngineFonts/Faces/DroidSansMono.uasset" 44
"../../../Engine/Content/EngineFonts/Faces/DroidSansMono.ufont" 45
"../../../Engine/Content/EngineFonts/DroidSansMono.uasset" 46
"../../../Engine/Content/EngineFonts/DroidSansMono.uexp" 47
"../../../Engine/Content/MobileResources/HUD/VirtualJoystick_Thumb.uasset" 48
"../../../Engine/Content/MobileResources/HUD/VirtualJoystick_Thumb.uexp" 49
"../../../Engine/Content/MobileResources/HUD/VirtualJoystick_Background.uasset" 50
"../../../Engine/Content/MobileResources/HUD/VirtualJoystick_Background.uexp" 51
"../../../Engine/Content/MobileResources/HUD/DefaultVirtualJoysticks.uasset" 52
"../../../Engine/Content/MobileResources/HUD/DefaultVirtualJoysticks.uexp" 53
"../../../Engine/Content/EngineResources/GradientTexture0.uasset" 54
"../../../Engine/Content/EngineResources/GradientTexture0.uexp" 55
"../../../Engine/Content/EngineResources/Black.uasset" 56
"../../../Engine/Content/EngineResources/Black.uexp" 57
"../../../Engine/Content/EditorResources/S_Actor.ubulk" 58
"../../../Engine/Content/EditorResources/S_Actor.uasset" 59
"../../../Engine/Content/EditorResources/S_Actor.uexp" 60
"../../../Engine/Content/EngineResources/DefaultTexture.ubulk" 61
"../../../Engine/Content/EngineResources/DefaultTexture.uasset" 62
"../../../Engine/Content/EngineResources/DefaultTexture.uexp" 63
"../../../Engine/Content/EngineMaterials/PreintegratedSkinBRDF.uasset" 64
"../../../Engine/Content/EngineMaterials/PreintegratedSkinBRDF.uexp" 65
"../../../Engine/Content/EngineMaterials/MiniFont.uasset" 66
"../../../Engine/Content/EngineMaterials/MiniFont.uexp" 67
"../../../Engine/Content/EngineMaterials/FastBlueNoise_vec2_128x128x64.uasset" 68
"../../../Engine/Content/EngineMaterials/FastBlueNoise_vec2_128x128x64.uexp" 69
"../../../Engine/Content/EngineMaterials/FastBlueNoise_scalar_128x128x8.uasset" 70
"../../../Engine/Content/EngineMaterials/FastBlueNoise_scalar_128x128x8.uexp" 71
"../../../Engine/Content/EngineMaterials/FastBlueNoise_scalar_128x128x64.uasset" 72
"../../../Engine/Content/EngineMaterials/FastBlueNoise_scalar_128x128x64.uexp" 73
"../../../Engine/Content/EngineMaterials/DefaultWhiteGrid.ubulk" 74
"../../../Engine/Content/EngineMaterials/DefaultWhiteGrid.uasset" 75
"../../../Engine/Content/EngineMaterials/DefaultWhiteGrid.uexp" 76
"../../../Engine/Content/EngineMaterials/DefaultBokeh.uasset" 77
"../../../Engine/Content/EngineMaterials/DefaultBokeh.uexp" 78
"../../../Engine/Content/EngineMaterials/DefaultBloomKernel.uasset" 79
"../../../Engine/Content/EngineMaterials/DefaultBloomKernel.uexp" 80
"../../../Engine/Content/EngineDamageTypes/DmgTypeBP_Environmental.uasset" 81
"../../../Engine/Content/EngineDamageTypes/DmgTypeBP_Environmental.uexp" 82
"../../../Engine/Content/EditorResources/S_TriggerSphere.uasset" 83
"../../../Engine/Content/EditorResources/S_TriggerSphere.uexp" 84
"../../../Engine/Content/EditorResources/S_TriggerCapsule.uasset" 85
"../../../Engine/Content/EditorResources/S_TriggerCapsule.uexp" 86
"../../../Engine/Content/EditorResources/S_TriggerBox.uasset" 87
"../../../Engine/Content/EditorResources/S_TriggerBox.uexp" 88
"../../../Engine/Content/EditorResources/S_Trigger.ubulk" 89
"../../../Engine/Content/EditorResources/S_Trigger.uasset" 90
"../../../Engine/Content/EditorResources/S_Trigger.uexp" 91
"../../../Engine/Content/EditorResources/S_Terrain.ubulk" 92
"../../../Engine/Content/EditorResources/S_Terrain.uasset" 93
"../../../Engine/Content/EditorResources/S_Terrain.uexp" 94
"../../../Engine/Content/EditorResources/S_Solver.ubulk" 95
"../../../Engine/Content/EditorResources/S_Solver.uasset" 96
"../../../Engine/Content/EditorResources/S_Solver.uexp" 97
"../../../Engine/Content/EditorResources/S_BoxReflectionCapture.uasset" 98
"../../../Engine/Content/EditorResources/S_BoxReflectionCapture.uexp" 99
"../../../Engine/Content/EditorResources/BSPVertex.uasset" 100
"../../../Engine/Content/EditorResources/BSPVertex.uexp" 101
"C:/Users/K2511209/Toon-Tank-Mania 5.6/Content/Assets/Audio/BG_Music.ubulk" 102
"C:/Users/K2511209/Toon-Tank-Mania 5.6/Content/Assets/Audio/BG_Music.uasset" 103
"C:/Users/K2511209/Toon-Tank-Mania 5.6/Content/Assets/Audio/BG_Music.uexp" 104
"C:/Users/K2511209/Toon-Tank-Mania 5.6/Content/Assets/Audio/BG_Music_Cue.uasset" 105
"C:/Users/K2511209/Toon-Tank-Mania 5.6/Content/Assets/Audio/BG_Music_Cue.uexp" 106
"C:/Users/K2511209/Toon-Tank-Mania 5.6/Content/Blueprints/BP_ToonTankGameInstance.uasset" 107
"C:/Users/K2511209/Toon-Tank-Mania 5.6/Content/Blueprints/BP_ToonTankGameInstance.uexp" 108
"C:/Users/K2511209/Toon-Tank-Mania 5.6/Content/Blueprints/WBP_PromptUI.uasset" 109
"C:/Users/K2511209/Toon-Tank-Mania 5.6/Content/Blueprints/WBP_PromptUI.uexp" 110
"C:/Users/K2511209/Toon-Tank-Mania 5.6/Content/Input/IA_Rotate.uasset" 111
"C:/Users/K2511209/Toon-Tank-Mania 5.6/Content/Input/IA_Rotate.uexp" 112
"C:/Users/K2511209/Toon-Tank-Mania 5.6/Content/Input/IA_Move.uasset" 113
"C:/Users/K2511209/Toon-Tank-Mania 5.6/Content/Input/IA_Move.uexp" 114
"C:/Users/K2511209/Toon-Tank-Mania 5.6/Content/Input/IA_Fire.uasset" 115
"C:/Users/K2511209/Toon-Tank-Mania 5.6/Content/Input/IA_Fire.uexp" 116
"C:/Users/K2511209/Toon-Tank-Mania 5.6/Content/Input/IMC_Default.uasset" 117
"C:/Users/K2511209/Toon-Tank-Mania 5.6/Content/Input/IMC_Default.uexp" 118
"C:/Users/K2511209/Toon-Tank-Mania 5.6/Content/Blueprints/WBP_HealthBar.uasset" 119
"C:/Users/K2511209/Toon-Tank-Mania 5.6/Content/Blueprints/WBP_HealthBar.uexp" 120
"C:/Users/K2511209/Toon-Tank-Mania 5.6/Content/Blueprints/BP_HitCamShake.uasset" 121
"C:/Users/K2511209/Toon-Tank-Mania 5.6/Content/Blueprints/BP_HitCamShake.uexp" 122
"C:/Users/K2511209/Toon-Tank-Mania 5.6/Content/Assets/Materials/M_EmissiveBase.uasset" 123
"C:/Users/K2511209/Toon-Tank-Mania 5.6/Content/Assets/Materials/M_EmissiveBase.uexp" 124
"C:/Users/K2511209/Toon-Tank-Mania 5.6/Content/Assets/Materials/M_EmissiveRed_Inst.uasset" 125
"C:/Users/K2511209/Toon-Tank-Mania 5.6/Content/Assets/Materials/M_EmissiveRed_Inst.uexp" 126
"C:/Users/K2511209/Toon-Tank-Mania 5.6/Content/Assets/Textures/T_ColourGrid.uasset" 127
"C:/Users/K2511209/Toon-Tank-Mania 5.6/Content/Assets/Textures/T_ColourGrid.uexp" 128
"C:/Users/K2511209/Toon-Tank-Mania 5.6/Content/Assets/Materials/M_TextureBase.uasset" 129
"C:/Users/K2511209/Toon-Tank-Mania 5.6/Content/Assets/Materials/M_TextureBase.uexp" 130
"C:/Users/K2511209/Toon-Tank-Mania 5.6/Content/Assets/Materials/M_Texture_Inst.uasset" 131
"C:/Users/K2511209/Toon-Tank-Mania 5.6/Content/Assets/Materials/M_Texture_Inst.uexp" 132
"C:/Users/K2511209/Toon-Tank-Mania 5.6/Content/Assets/Meshes/SM_Projectile.uasset" 133
"C:/Users/K2511209/Toon-Tank-Mania 5.6/Content/Assets/Meshes/SM_Projectile.uexp" 134
"C:/Users/K2511209/Toon-Tank-Mania 5.6/Content/Assets/Audio/Thud_Audio1.ubulk" 135
"C:/Users/K2511209/Toon-Tank-Mania 5.6/Content/Assets/Audio/Thud_Audio1.uasset" 136
"C:/Users/K2511209/Toon-Tank-Mania 5.6/Content/Assets/Audio/Thud_Audio1.uexp" 137
"C:/Users/K2511209/Toon-Tank-Mania 5.6/Content/Assets/Materials/M_ParticleBase.uasset" 138
"C:/Users/K2511209/Toon-Tank-Mania 5.6/Content/Assets/Materials/M_ParticleBase.uexp" 139
"C:/Users/K2511209/Toon-Tank-Mania 5.6/Content/Assets/Materials/M_Particle_Inst.uasset" 140
"C:/Users/K2511209/Toon-Tank-Mania 5.6/Content/Assets/Materials/M_Particle_Inst.uexp" 141
"C:/Users/K2511209/Toon-Tank-Mania 5.6/Content/Assets/Meshes/SM_Sphere.uasset" 142
"C:/Users/K2511209/Toon-Tank-Mania 5.6/Content/Assets/Meshes/SM_Sphere.uexp" 143
"C:/Users/K2511209/Toon-Tank-Mania 5.6/Content/Assets/Effects/P_HitEffect.uasset" 144
"C:/Users/K2511209/Toon-Tank-Mania 5.6/Content/Assets/Effects/P_HitEffect.uexp" 145
"C:/Users/K2511209/Toon-Tank-Mania 5.6/Content/Assets/Effects/P_ProjectileTrail.uasset" 146
"C:/Users/K2511209/Toon-Tank-Mania 5.6/Content/Assets/Effects/P_ProjectileTrail.uexp" 147
"C:/Users/K2511209/Toon-Tank-Mania 5.6/Content/Blueprints/BP_Projectile.uasset" 148
"C:/Users/K2511209/Toon-Tank-Mania 5.6/Content/Blueprints/BP_Projectile.uexp" 149
"C:/Users/K2511209/Toon-Tank-Mania 5.6/Content/Blueprints/BP_DeathCamShake.uasset" 150
"C:/Users/K2511209/Toon-Tank-Mania 5.6/Content/Blueprints/BP_DeathCamShake.uexp" 151
"C:/Users/K2511209/Toon-Tank-Mania 5.6/Content/Assets/Materials/M_EmissiveGreen_Inst.uasset" 152
"C:/Users/K2511209/Toon-Tank-Mania 5.6/Content/Assets/Materials/M_EmissiveGreen_Inst.uexp" 153
"C:/Users/K2511209/Toon-Tank-Mania 5.6/Content/Assets/Meshes/SM_TankTurret.uasset" 154
"C:/Users/K2511209/Toon-Tank-Mania 5.6/Content/Assets/Meshes/SM_TankTurret.uexp" 155
"C:/Users/K2511209/Toon-Tank-Mania 5.6/Content/Assets/Meshes/SM_TankBase.uasset" 156
"C:/Users/K2511209/Toon-Tank-Mania 5.6/Content/Assets/Meshes/SM_TankBase.uexp" 157
"C:/Users/K2511209/Toon-Tank-Mania 5.6/Content/Assets/Audio/Explode_Audio.ubulk" 158
"C:/Users/K2511209/Toon-Tank-Mania 5.6/Content/Assets/Audio/Explode_Audio.uasset" 159
"C:/Users/K2511209/Toon-Tank-Mania 5.6/Content/Assets/Audio/Explode_Audio.uexp" 160
"C:/Users/K2511209/Toon-Tank-Mania 5.6/Content/Assets/Effects/P_DeathEffect.uasset" 161
"C:/Users/K2511209/Toon-Tank-Mania 5.6/Content/Assets/Effects/P_DeathEffect.uexp" 162
"C:/Users/K2511209/Toon-Tank-Mania 5.6/Content/Blueprints/BP_Tank.uasset" 163
"C:/Users/K2511209/Toon-Tank-Mania 5.6/Content/Blueprints/BP_Tank.uexp" 164
"C:/Users/K2511209/Toon-Tank-Mania 5.6/Content/Blueprints/BP_PlayerController.uasset" 165
"C:/Users/K2511209/Toon-Tank-Mania 5.6/Content/Blueprints/BP_PlayerController.uexp" 166
"C:/Users/K2511209/Toon-Tank-Mania 5.6/Content/Blueprints/BP_GameManager.uasset" 167
"C:/Users/K2511209/Toon-Tank-Mania 5.6/Content/Blueprints/BP_GameManager.uexp" 168
"../../../Engine/Plugins/Runtime/AudioWidgets/Content/Resources/ScrubHandleDown_Clamped.uasset" 169
"../../../Engine/Plugins/Runtime/AudioWidgets/Content/Resources/ScrubHandleDown_Clamped.uexp" 170
"../../../Engine/Plugins/Interchange/Assets/Content/Functions/MX_UsdPreviewSurface.uasset" 171
"../../../Engine/Plugins/Interchange/Assets/Content/Functions/MX_UsdPreviewSurface.uexp" 172
"../../../Engine/Plugins/Interchange/Assets/Content/Functions/MX_UniformEDF.uasset" 173
"../../../Engine/Plugins/Interchange/Assets/Content/Functions/MX_UniformEDF.uexp" 174
"../../../Engine/Plugins/Interchange/Assets/Content/Functions/MX_TranslucentBSDF.uasset" 175
"../../../Engine/Plugins/Interchange/Assets/Content/Functions/MX_TranslucentBSDF.uexp" 176
"../../../Engine/Plugins/Interchange/Assets/Content/Functions/MX_ThinFilmBSDF.uasset" 177
"../../../Engine/Plugins/Interchange/Assets/Content/Functions/MX_ThinFilmBSDF.uexp" 178
"../../../Engine/Plugins/Interchange/Assets/Content/Functions/MX_SurfaceUnlit.uasset" 179
"../../../Engine/Plugins/Interchange/Assets/Content/Functions/MX_SurfaceUnlit.uexp" 180
"../../../Engine/Plugins/Interchange/Assets/Content/Functions/MX_Surface.uasset" 181
"../../../Engine/Plugins/Interchange/Assets/Content/Functions/MX_Surface.uexp" 182
"../../../Engine/Plugins/Interchange/Assets/Content/Functions/MX_SubsurfaceBSDF.uasset" 183
"../../../Engine/Plugins/Interchange/Assets/Content/Functions/MX_SubsurfaceBSDF.uexp" 184
"../../../Engine/Plugins/Interchange/Assets/Content/Functions/MX_SheenBSDF.uasset" 185
"../../../Engine/Plugins/Interchange/Assets/Content/Functions/MX_SheenBSDF.uexp" 186
"../../../Engine/Plugins/Interchange/Assets/Content/Functions/MX_OrenNayarBSDF.uasset" 187
"../../../Engine/Plugins/Interchange/Assets/Content/Functions/MX_OrenNayarBSDF.uexp" 188
"../../../Engine/Plugins/Interchange/Assets/Content/Functions/MF_IridescenceNoLUT.uasset" 189
"../../../Engine/Plugins/Interchange/Assets/Content/Functions/MF_IridescenceNoLUT.uexp" 190
"../../../Engine/Plugins/Interchange/Assets/Content/Functions/MX_StandardSurface.uasset" 191
"../../../Engine/Plugins/Interchange/Assets/Content/Functions/MX_StandardSurface.uexp" 192
"../../../Engine/Plugins/Interchange/Assets/Content/Functions/MX_TransmissionSurface.uasset" 193
"../../../Engine/Plugins/Interchange/Assets/Content/Functions/MX_TransmissionSurface.uexp" 194
"../../../Engine/Plugins/Interchange/Assets/Content/Functions/MX_OpenPBR_Translucent.uasset" 195
"../../../Engine/Plugins/Interchange/Assets/Content/Functions/MX_OpenPBR_Translucent.uexp" 196
"../../../Engine/Plugins/Interchange/Assets/Content/Functions/MX_OpenPBR_Opaque.uasset" 197
"../../../Engine/Plugins/Interchange/Assets/Content/Functions/MX_OpenPBR_Opaque.uexp" 198
"../../../Engine/Plugins/Interchange/Assets/Content/Functions/MX_MeasuredEDF.uasset" 199
"../../../Engine/Plugins/Interchange/Assets/Content/Functions/MX_MeasuredEDF.uexp" 200
"../../../Engine/Plugins/Interchange/Assets/Content/Functions/MX_GeneralizedSchlickBSDF.uasset" 201
"../../../Engine/Plugins/Interchange/Assets/Content/Functions/MX_GeneralizedSchlickBSDF.uexp" 202
"../../../Engine/Plugins/Interchange/Assets/Content/Functions/MX_Displacement.uasset" 203
"../../../Engine/Plugins/Interchange/Assets/Content/Functions/MX_Displacement.uexp" 204
"../../../Engine/Plugins/Interchange/Assets/Content/Functions/MX_DielectricBSDF.uasset" 205
"../../../Engine/Plugins/Interchange/Assets/Content/Functions/MX_DielectricBSDF.uexp" 206
"../../../Engine/Plugins/Interchange/Assets/Content/Functions/MX_ConicalEDF.uasset" 207
"../../../Engine/Plugins/Interchange/Assets/Content/Functions/MX_ConicalEDF.uexp" 208
"../../../Engine/Plugins/Interchange/Assets/Content/Functions/MX_ConductorBSDF.uasset" 209
"../../../Engine/Plugins/Interchange/Assets/Content/Functions/MX_ConductorBSDF.uexp" 210
"../../../Engine/Plugins/Interchange/Assets/Content/Functions/MX_BurleyDiffuseBSDF.uasset" 211
"../../../Engine/Plugins/Interchange/Assets/Content/Functions/MX_BurleyDiffuseBSDF.uexp" 212
"../../../Engine/Plugins/Interchange/Assets/Content/Functions/MX_AnisotropicVDF.uasset" 213
"../../../Engine/Plugins/Interchange/Assets/Content/Functions/MX_AnisotropicVDF.uexp" 214
"../../../Engine/Plugins/Interchange/Assets/Content/Functions/MX_AbsorptionVDF.uasset" 215
"../../../Engine/Plugins/Interchange/Assets/Content/Functions/MX_AbsorptionVDF.uexp" 216
"../../../Engine/Content/EditorResources/SequenceRecorder/RecordingIndicator.uasset" 217
"../../../Engine/Content/EditorResources/SequenceRecorder/RecordingIndicator.uexp" 218
"../../../Engine/Content/EditorResources/SequenceRecorder/Countdown.uasset" 219
"../../../Engine/Content/EditorResources/SequenceRecorder/Countdown.uexp" 220
"../../../Engine/Content/EditorMaterials/ParticleSystems/PSysThumbnail_OOD.ubulk" 221
"../../../Engine/Content/EditorMaterials/ParticleSystems/PSysThumbnail_OOD.uasset" 222
"../../../Engine/Content/EditorMaterials/ParticleSystems/PSysThumbnail_OOD.uexp" 223
"../../../Engine/Content/EditorMaterials/ParticleSystems/PSysThumbnail_NoImage.uasset" 224
"../../../Engine/Content/EditorMaterials/ParticleSystems/PSysThumbnail_NoImage.uexp" 225
"../../../Engine/Content/EngineResources/FilmGrains/Marcie_Grain_v3_128_M2_000.uasset" 226
"../../../Engine/Content/EngineResources/FilmGrains/Marcie_Grain_v3_128_M2_000.uexp" 227
"../../../Engine/Content/EngineResources/Development/ZenLogo_64.uasset" 228
"../../../Engine/Content/EngineResources/Development/ZenLogo_64.uexp" 229
"../../../Engine/Content/EngineMaterials/LTC/Sheen_LTC.uasset" 230
"../../../Engine/Content/EngineMaterials/LTC/Sheen_LTC.uexp" 231
"../../../Engine/Content/EngineMaterials/LTC/GGX_LTCMat.uasset" 232
"../../../Engine/Content/EngineMaterials/LTC/GGX_LTCMat.uexp" 233
"../../../Engine/Content/EngineMaterials/LTC/GGX_LTCAmp.uasset" 234
"../../../Engine/Content/EngineMaterials/LTC/GGX_LTCAmp.uexp" 235
"../../../Engine/Content/EngineMaterials/EnergyConservation/Sheen_Energy.uasset" 236
"../../../Engine/Content/EngineMaterials/EnergyConservation/Sheen_Energy.uexp" 237
"../../../Engine/Content/EngineMaterials/EnergyConservation/SheenLegacy_Energy.uasset" 238
"../../../Engine/Content/EngineMaterials/EnergyConservation/SheenLegacy_Energy.uexp" 239
"../../../Engine/Content/EngineMaterials/EnergyConservation/GGX_TransmissionEnergyArray.uasset" 240
"../../../Engine/Content/EngineMaterials/EnergyConservation/GGX_TransmissionEnergyArray.uexp" 241
"../../../Engine/Content/EngineMaterials/EnergyConservation/GGX_ReflectionEnergy.uasset" 242
"../../../Engine/Content/EngineMaterials/EnergyConservation/GGX_ReflectionEnergy.uexp" 243
"../../../Engine/Content/EngineMaterials/EnergyConservation/Diffuse_Energy.uasset" 244
"../../../Engine/Content/EngineMaterials/EnergyConservation/Diffuse_Energy.uexp" 245
"../../../Engine/Content/Functions/Engine_MaterialFunctions01/Shading/PowerToRoughness.uasset" 246
"../../../Engine/Content/Functions/Engine_MaterialFunctions01/Shading/PowerToRoughness.uexp" 247
"../../../Engine/Content/Functions/Engine_MaterialFunctions01/Shading/ConvertFromDiffSpec.uasset" 248
"../../../Engine/Content/Functions/Engine_MaterialFunctions01/Shading/ConvertFromDiffSpec.uexp" 249
"../../../Engine/Content/EditorMaterials/Dataflow/DataflowTwoSidedVertexMaterial.uasset" 250
"../../../Engine/Content/EditorMaterials/Dataflow/DataflowTwoSidedVertexMaterial.uexp" 251
"../../../Engine/Content/EditorMaterials/Dataflow/DataflowVertexMaterial.uasset" 252
"../../../Engine/Content/EditorMaterials/Dataflow/DataflowVertexMaterial.uexp" 253
"../../../Engine/Plugins/Runtime/HairStrands/Content/Materials/HairCardsDefaultMaterial.uasset" 254
"../../../Engine/Plugins/Runtime/HairStrands/Content/Materials/HairCardsDefaultMaterial.uexp" 255
"../../../Engine/Content/Functions/Engine_MaterialFunctions02/Utility/MakeFloat2.uasset" 256
"../../../Engine/Content/Functions/Engine_MaterialFunctions02/Utility/MakeFloat2.uexp" 257
"../../../Engine/Plugins/Runtime/HairStrands/Content/Materials/HairGroupColors.uasset" 258
"../../../Engine/Plugins/Runtime/HairStrands/Content/Materials/HairGroupColors.uexp" 259
"../../../Engine/Content/EngineMaterials/HairColorMap.uasset" 260
"../../../Engine/Content/EngineMaterials/HairColorMap.uexp" 261
"../../../Engine/Content/EngineMaterials/HairDebugColor.uasset" 262
"../../../Engine/Content/EngineMaterials/HairDebugColor.uexp" 263
"../../../Engine/Content/Functions/Engine_MaterialFunctions02/Utility/MakeFloat3.uasset" 264
"../../../Engine/Content/Functions/Engine_MaterialFunctions02/Utility/MakeFloat3.uexp" 265
"../../../Engine/Plugins/Runtime/HairStrands/Content/Materials/HairDebugMaterial.uasset" 266
"../../../Engine/Plugins/Runtime/HairStrands/Content/Materials/HairDebugMaterial.uexp" 267
"../../../Engine/Plugins/Runtime/HairStrands/Content/Materials/HairDefaultMaterial.uasset" 268
"../../../Engine/Plugins/Runtime/HairStrands/Content/Materials/HairDefaultMaterial.uexp" 269
"../../../Engine/Plugins/Runtime/HairStrands/Content/Materials/HairMeshesDefaultMaterial.uasset" 270
"../../../Engine/Plugins/Runtime/HairStrands/Content/Materials/HairMeshesDefaultMaterial.uexp" 271
"../../../Engine/Plugins/VirtualProduction/CameraCalibrationCore/Content/Materials/M_DefaultEvenSquare.uasset" 272
"../../../Engine/Plugins/VirtualProduction/CameraCalibrationCore/Content/Materials/M_DefaultEvenSquare.uexp" 273
"../../../Engine/Plugins/VirtualProduction/CameraCalibrationCore/Content/Materials/M_DefaultOddSquare.uasset" 274
"../../../Engine/Plugins/VirtualProduction/CameraCalibrationCore/Content/Materials/M_DefaultOddSquare.uexp" 275
"../../../Engine/Content/EngineDebugMaterials/DebugEditorMaterial.uasset" 276
"../../../Engine/Content/EngineDebugMaterials/DebugEditorMaterial.uexp" 277
"../../../Engine/Content/EngineDebugMaterials/DebugMeshMaterial.uasset" 278
"../../../Engine/Content/EngineDebugMaterials/DebugMeshMaterial.uexp" 279
"../../../Engine/Content/EngineDebugMaterials/M_SimpleUnlitTranslucent.uasset" 280
"../../../Engine/Content/EngineDebugMaterials/M_SimpleUnlitTranslucent.uexp" 281
"../../../Engine/Content/Functions/Engine_MaterialFunctions02/Utility/CameraDirectionVector.uasset" 282
"../../../Engine/Content/Functions/Engine_MaterialFunctions02/Utility/CameraDirectionVector.uexp" 283
"../../../Engine/Content/EngineDebugMaterials/VolumeToRender.uasset" 284
"../../../Engine/Content/EngineDebugMaterials/VolumeToRender.uexp" 285
"../../../Engine/Content/EngineDebugMaterials/M_VolumeRenderSphereTracePP.uasset" 286
"../../../Engine/Content/EngineDebugMaterials/M_VolumeRenderSphereTracePP.uexp" 287
"../../../Engine/Content/EngineMaterials/DefaultDiffuse.ubulk" 288
"../../../Engine/Content/EngineMaterials/DefaultDiffuse.uasset" 289
"../../../Engine/Content/EngineMaterials/DefaultDiffuse.uexp" 290
"../../../Engine/Content/EngineMaterials/DefaultDeferredDecalMaterial.uasset" 291
"../../../Engine/Content/EngineMaterials/DefaultDeferredDecalMaterial.uexp" 292
"../../../Engine/Content/EngineMaterials/DefaultLightFunctionMaterial.uasset" 293
"../../../Engine/Content/EngineMaterials/DefaultLightFunctionMaterial.uexp" 294
"../../../Engine/Content/Functions/Engine_MaterialFunctions02/Utility/BreakOutFloat2Components.uasset" 295
"../../../Engine/Content/Functions/Engine_MaterialFunctions02/Utility/BreakOutFloat2Components.uexp" 296
"../../../Engine/Content/EngineMaterials/DefaultPostProcessMaterial.uasset" 297
"../../../Engine/Content/EngineMaterials/DefaultPostProcessMaterial.uexp" 298
"../../../Engine/Content/EngineFonts/RobotoDistanceField.uasset" 299
"../../../Engine/Content/EngineFonts/RobotoDistanceField.uexp" 300
"../../../Engine/Content/EngineMaterials/DefaultTextMaterialOpaque.uasset" 301
"../../../Engine/Content/EngineMaterials/DefaultTextMaterialOpaque.uexp" 302
"../../../Engine/Content/EngineMaterials/DefaultWhiteGrid_Low.uasset" 303
"../../../Engine/Content/EngineMaterials/DefaultWhiteGrid_Low.uexp" 304
"../../../Engine/Content/EngineMaterials/EmissiveMeshMaterial.uasset" 305
"../../../Engine/Content/EngineMaterials/EmissiveMeshMaterial.uexp" 306
"../../../Engine/Content/EngineMaterials/BaseFlattenLinearColor.uasset" 307
"../../../Engine/Content/EngineMaterials/BaseFlattenLinearColor.uexp" 308
"../../../Engine/Content/EngineMaterials/BaseFlattenNormalMap.uasset" 309
"../../../Engine/Content/EngineMaterials/BaseFlattenNormalMap.uexp" 310
"../../../Engine/Content/Functions/Engine_MaterialFunctions02/PivotPainter2/Black_1x1_EXR_Texture.uasset" 311
"../../../Engine/Content/Functions/Engine_MaterialFunctions02/PivotPainter2/Black_1x1_EXR_Texture.uexp" 312
"../../../Engine/Content/EngineMaterials/BaseFlattenDiffuseMap.uasset" 313
"../../../Engine/Content/EngineMaterials/BaseFlattenDiffuseMap.uexp" 314
"../../../Engine/Content/EngineMaterials/BaseFlattenEmissiveMap.uasset" 315
"../../../Engine/Content/EngineMaterials/BaseFlattenEmissiveMap.uexp" 316
"../../../Engine/Content/EngineMaterials/BaseFlattenGrayscaleMap.uasset" 317
"../../../Engine/Content/EngineMaterials/BaseFlattenGrayscaleMap.uexp" 318
"../../../Engine/Content/EngineMaterials/FlattenMaterial.uasset" 319
"../../../Engine/Content/EngineMaterials/FlattenMaterial.uexp" 320
"../../../Engine/Content/EngineMaterials/BaseFlattenDiffuseMap_VT.ubulk" 321
"../../../Engine/Content/EngineMaterials/BaseFlattenDiffuseMap_VT.uasset" 322
"../../../Engine/Content/EngineMaterials/BaseFlattenDiffuseMap_VT.uexp" 323
"../../../Engine/Content/EngineMaterials/BaseFlattenEmissiveMap_VT.ubulk" 324
"../../../Engine/Content/EngineMaterials/BaseFlattenEmissiveMap_VT.uasset" 325
"../../../Engine/Content/EngineMaterials/BaseFlattenEmissiveMap_VT.uexp" 326
"../../../Engine/Content/EngineMaterials/BaseFlattenGrayscaleMap_VT.ubulk" 327
"../../../Engine/Content/EngineMaterials/BaseFlattenGrayscaleMap_VT.uasset" 328
"../../../Engine/Content/EngineMaterials/BaseFlattenGrayscaleMap_VT.uexp" 329
"../../../Engine/Content/EngineMaterials/BaseFlattenLinearColor_VT.ubulk" 330
"../../../Engine/Content/EngineMaterials/BaseFlattenLinearColor_VT.uasset" 331
"../../../Engine/Content/EngineMaterials/BaseFlattenLinearColor_VT.uexp" 332
"../../../Engine/Content/EngineMaterials/BaseFlattenNormalMap_VT.ubulk" 333
"../../../Engine/Content/EngineMaterials/BaseFlattenNormalMap_VT.uasset" 334
"../../../Engine/Content/EngineMaterials/BaseFlattenNormalMap_VT.uexp" 335
"../../../Engine/Content/EngineMaterials/Black_1x1_EXR_Texture_VT.ubulk" 336
"../../../Engine/Content/EngineMaterials/Black_1x1_EXR_Texture_VT.uasset" 337
"../../../Engine/Content/EngineMaterials/Black_1x1_EXR_Texture_VT.uexp" 338
"../../../Engine/Content/EngineMaterials/FlattenMaterial_VT.uasset" 339
"../../../Engine/Content/EngineMaterials/FlattenMaterial_VT.uexp" 340
"../../../Engine/Content/EngineMaterials/FlattenMaterial_WS_Normal_VT.uasset" 341
"../../../Engine/Content/EngineMaterials/FlattenMaterial_WS_Normal_VT.uexp" 342
"../../../Engine/Content/EngineMaterials/GizmoMaterial.uasset" 343
"../../../Engine/Content/EngineMaterials/GizmoMaterial.uexp" 344
"../../../Engine/Content/EngineMaterials/InvalidLightmapSettings.ubulk" 345
"../../../Engine/Content/EngineMaterials/InvalidLightmapSettings.uasset" 346
"../../../Engine/Content/EngineMaterials/InvalidLightmapSettings.uexp" 347
"../../../Engine/Content/EngineMaterials/M_InvalidLightmapSettings.uasset" 348
"../../../Engine/Content/EngineMaterials/M_InvalidLightmapSettings.uexp" 349
"../../../Engine/Content/EngineMaterials/NaniteHiddenSectionMaterial.uasset" 350
"../../../Engine/Content/EngineMaterials/NaniteHiddenSectionMaterial.uexp" 351
"../../../Engine/Content/Functions/Engine_MaterialFunctions02/WorldPositionOffset/CameraOffset.uasset" 352
"../../../Engine/Content/Functions/Engine_MaterialFunctions02/WorldPositionOffset/CameraOffset.uexp" 353
"../../../Engine/Content/EngineMaterials/PhAT_JointLimitMaterial.uasset" 354
"../../../Engine/Content/EngineMaterials/PhAT_JointLimitMaterial.uexp" 355
"../../../Engine/Content/EngineMaterials/DefaultCalibrationColor.uasset" 356
"../../../Engine/Content/EngineMaterials/DefaultCalibrationColor.uexp" 357
"../../../Engine/Content/EngineMaterials/PPM_DefaultCalibrationColor.uasset" 358
"../../../Engine/Content/EngineMaterials/PPM_DefaultCalibrationColor.uexp" 359
"../../../Engine/Content/EngineMaterials/DefaultCalibrationGrayscale.uasset" 360
"../../../Engine/Content/EngineMaterials/DefaultCalibrationGrayscale.uexp" 361
"../../../Engine/Content/EngineMaterials/PPM_DefaultCalibrationGrayscale.uasset" 362
"../../../Engine/Content/EngineMaterials/PPM_DefaultCalibrationGrayscale.uexp" 363
"../../../Engine/Content/EngineMaterials/RemoveSurfaceMaterial.uasset" 364
"../../../Engine/Content/EngineMaterials/RemoveSurfaceMaterial.uexp" 365
"../../../Engine/Plugins/Animation/ControlRig/Content/Controls/ControlRigGizmoMaterial.uasset" 366
"../../../Engine/Plugins/Animation/ControlRig/Content/Controls/ControlRigGizmoMaterial.uexp" 367
"../../../Engine/Plugins/Animation/ControlRig/Content/Controls/ControlRigXRayMaterial.uasset" 368
"../../../Engine/Plugins/Animation/ControlRig/Content/Controls/ControlRigXRayMaterial.uexp" 369
"../../../Engine/Content/Functions/Engine_MaterialFunctions02/Utility/VectorLength.uasset" 370
"../../../Engine/Content/Functions/Engine_MaterialFunctions02/Utility/VectorLength.uexp" 371
"../../../Engine/Content/Functions/Engine_MaterialFunctions02/Utility/BreakOutFloat3Components.uasset" 372
"../../../Engine/Content/Functions/Engine_MaterialFunctions02/Utility/BreakOutFloat3Components.uexp" 373
"../../../Engine/Content/Functions/Engine_MaterialFunctions02/WorldPositionOffset/ObjectScale.uasset" 374
"../../../Engine/Content/Functions/Engine_MaterialFunctions02/WorldPositionOffset/ObjectScale.uexp" 375
"../../../Engine/Content/Functions/Engine_MaterialFunctions02/ObjectLocalBounds.uasset" 376
"../../../Engine/Content/Functions/Engine_MaterialFunctions02/ObjectLocalBounds.uexp" 377
"../../../Engine/Content/Functions/Engine_MaterialFunctions02/SafeNormalize.uasset" 378
"../../../Engine/Content/Functions/Engine_MaterialFunctions02/SafeNormalize.uexp" 379
"../../../Engine/Plugins/Editor/SpeedTreeImporter/Content/SpeedTree9/UnpackInteger3.uasset" 380
"../../../Engine/Plugins/Editor/SpeedTreeImporter/Content/SpeedTree9/UnpackInteger3.uexp" 381
"../../../Engine/Plugins/Editor/SpeedTreeImporter/Content/SpeedTree9/UnpackDirection.uasset" 382
"../../../Engine/Plugins/Editor/SpeedTreeImporter/Content/SpeedTree9/UnpackDirection.uexp" 383
"../../../Engine/Plugins/Editor/SpeedTreeImporter/Content/SpeedTree9/game_wind_noise.ubulk" 384
"../../../Engine/Plugins/Editor/SpeedTreeImporter/Content/SpeedTree9/game_wind_noise.uasset" 385
"../../../Engine/Plugins/Editor/SpeedTreeImporter/Content/SpeedTree9/game_wind_noise.uexp" 386
"../../../Engine/Plugins/Editor/SpeedTreeImporter/Content/SpeedTree9/SpeedTreeWindMotion.uasset" 387
"../../../Engine/Plugins/Editor/SpeedTreeImporter/Content/SpeedTree9/SpeedTreeWindMotion.uexp" 388
"../../../Engine/Plugins/Editor/SpeedTreeImporter/Content/SpeedTree9/SpeedTreeBranchMotion.uasset" 389
"../../../Engine/Plugins/Editor/SpeedTreeImporter/Content/SpeedTree9/SpeedTreeBranchMotion.uexp" 390
"../../../Engine/Content/Functions/Engine_MaterialFunctions02/UVs/BoundingBoxBased_0-1_UVW.uasset" 391
"../../../Engine/Content/Functions/Engine_MaterialFunctions02/UVs/BoundingBoxBased_0-1_UVW.uexp" 392
"../../../Engine/Plugins/Editor/SpeedTreeImporter/Content/SpeedTree9/SpeedTreeWind.uasset" 393
"../../../Engine/Plugins/Editor/SpeedTreeImporter/Content/SpeedTree9/SpeedTreeWind.uexp" 394
"../../../Engine/Plugins/Editor/SpeedTreeImporter/Content/SpeedTree9/EmptyNormal.uasset" 395
"../../../Engine/Plugins/Editor/SpeedTreeImporter/Content/SpeedTree9/EmptyNormal.uexp" 396
"../../../Engine/Plugins/Editor/SpeedTreeImporter/Content/SpeedTree9/Empty.uasset" 397
"../../../Engine/Plugins/Editor/SpeedTreeImporter/Content/SpeedTree9/Empty.uexp" 398
"../../../Engine/Plugins/Editor/SpeedTreeImporter/Content/SpeedTree9/SpeedTreeBillboard.uasset" 399
"../../../Engine/Plugins/Editor/SpeedTreeImporter/Content/SpeedTree9/SpeedTreeBillboard.uexp" 400
"../../../Engine/Plugins/Editor/SpeedTreeImporter/Content/SpeedTree9/SpeedTreeBillboardMaster.uasset" 401
"../../../Engine/Plugins/Editor/SpeedTreeImporter/Content/SpeedTree9/SpeedTreeBillboardMaster.uexp" 402
"../../../Engine/Plugins/Editor/SpeedTreeImporter/Content/SpeedTree9/SpeedTreeCameraFacing.uasset" 403
"../../../Engine/Plugins/Editor/SpeedTreeImporter/Content/SpeedTree9/SpeedTreeCameraFacing.uexp" 404
"../../../Engine/Plugins/Editor/SpeedTreeImporter/Content/SpeedTree9/SpeedTreeMaster.uasset" 405
"../../../Engine/Plugins/Editor/SpeedTreeImporter/Content/SpeedTree9/SpeedTreeMaster.uexp" 406
"../../../Engine/Content/BasicShapes/BasicShapeMaterial.uasset" 407
"../../../Engine/Content/BasicShapes/BasicShapeMaterial.uexp" 408
"../../../Engine/Content/EditorLandscapeResources/DefaultAlphaTexture.uasset" 409
"../../../Engine/Content/EditorLandscapeResources/DefaultAlphaTexture.uexp" 410
"../../../Engine/Content/EditorLandscapeResources/LandscapeDirtyMaterial.uasset" 411
"../../../Engine/Content/EditorLandscapeResources/LandscapeDirtyMaterial.uexp" 412
"../../../Engine/Content/Functions/Engine_MaterialFunctions01/Texturing/ScaleUVsByCenter.uasset" 413
"../../../Engine/Content/Functions/Engine_MaterialFunctions01/Texturing/ScaleUVsByCenter.uexp" 414
"../../../Engine/Content/Functions/Engine_MaterialFunctions02/WorldPositionOffset/LocalPosition.uasset" 415
"../../../Engine/Content/Functions/Engine_MaterialFunctions02/WorldPositionOffset/LocalPosition.uexp" 416
"../../../Engine/Content/Functions/Engine_MaterialFunctions01/Texturing/TextureCropping.uasset" 417
"../../../Engine/Content/Functions/Engine_MaterialFunctions01/Texturing/TextureCropping.uexp" 418
"../../../Engine/Content/Functions/Engine_MaterialFunctions02/ExampleContent/DebugNumberStrip.uasset" 419
"../../../Engine/Content/Functions/Engine_MaterialFunctions02/ExampleContent/DebugNumberStrip.uexp" 420
"../../../Engine/Content/Functions/Engine_MaterialFunctions01/Debug/DebugIntValues.uasset" 421
"../../../Engine/Content/Functions/Engine_MaterialFunctions01/Debug/DebugIntValues.uexp" 422
"../../../Engine/Content/EditorLandscapeResources/LandscapeLayerUsageMaterial.uasset" 423
"../../../Engine/Content/EditorLandscapeResources/LandscapeLayerUsageMaterial.uexp" 424
"../../../Engine/Content/EditorLandscapeResources/WhiteSquareTexture.uasset" 425
"../../../Engine/Content/EditorLandscapeResources/WhiteSquareTexture.uexp" 426
"../../../Engine/Content/EditorLandscapeResources/LayerVisMaterial.uasset" 427
"../../../Engine/Content/EditorLandscapeResources/LayerVisMaterial.uexp" 428
"../../../Engine/Content/EditorMaterials/PhAT_NoCollisionMaterial.uasset" 429
"../../../Engine/Content/EditorMaterials/PhAT_NoCollisionMaterial.uexp" 430
"../../../Engine/Content/EditorMaterials/PhAT_UnselectedMaterial.uasset" 431
"../../../Engine/Content/EditorMaterials/PhAT_UnselectedMaterial.uexp" 432
"../../../Engine/Content/EditorMaterials/PreviewShadowIndicator.ubulk" 433
"../../../Engine/Content/EditorMaterials/PreviewShadowIndicator.uasset" 434
"../../../Engine/Content/EditorMaterials/PreviewShadowIndicator.uexp" 435
"../../../Engine/Content/EditorMaterials/PreviewShadowIndicatorMaterial.uasset" 436
"../../../Engine/Content/EditorMaterials/PreviewShadowIndicatorMaterial.uexp" 437
"../../../Engine/Plugins/Animation/ControlRig/Content/M_Manip.uasset" 438
"../../../Engine/Plugins/Animation/ControlRig/Content/M_Manip.uexp" 439
"../../../Engine/Content/EngineMeshes/Sphere.uasset" 440
"../../../Engine/Content/EngineMeshes/Sphere.uexp" 441
"../../../Engine/Content/EngineResources/DefaultTextureCube.uasset" 442
"../../../Engine/Content/EngineResources/DefaultTextureCube.uexp" 443
"../../../Engine/Content/EngineResources/DefaultVolumeTexture2D.uasset" 444
"../../../Engine/Content/EngineResources/DefaultVolumeTexture2D.uexp" 445
"../../../Engine/Content/EngineResources/DefaultVolumeTexture.uasset" 446
"../../../Engine/Content/EngineResources/DefaultVolumeTexture.uexp" 447
"../../../Engine/Content/VREditor/TransformGizmo/Xray.uasset" 448
"../../../Engine/Content/VREditor/TransformGizmo/Xray.uexp" 449
"../../../Engine/Content/VREditor/TransformGizmo/Main.uasset" 450
"../../../Engine/Content/VREditor/TransformGizmo/Main.uexp" 451
"../../../Engine/Content/VREditor/TransformGizmo/SM_Sequencer_Node.uasset" 452
"../../../Engine/Content/VREditor/TransformGizmo/SM_Sequencer_Node.uexp" 453
"../../../Engine/Content/EngineMaterials/T_Default_Material_Grid_M.ubulk" 454
"../../../Engine/Content/EngineMaterials/T_Default_Material_Grid_M.uasset" 455
"../../../Engine/Content/EngineMaterials/T_Default_Material_Grid_M.uexp" 456
"../../../Engine/Content/EngineMaterials/T_Default_Material_Grid_N.ubulk" 457
"../../../Engine/Content/EngineMaterials/T_Default_Material_Grid_N.uasset" 458
"../../../Engine/Content/EngineMaterials/T_Default_Material_Grid_N.uexp" 459
"../../../Engine/Content/Functions/Engine_MaterialFunctions01/Opacity/CameraDepthFade.uasset" 460
"../../../Engine/Content/Functions/Engine_MaterialFunctions01/Opacity/CameraDepthFade.uexp" 461
"../../../Engine/Content/EngineMaterials/WorldGridMaterial.uasset" 462
"../../../Engine/Content/EngineMaterials/WorldGridMaterial.uexp" 463
"../../../Engine/Content/ArtTools/RenderToTexture/Meshes/S_1_Unit_Plane.uasset" 464
"../../../Engine/Content/ArtTools/RenderToTexture/Meshes/S_1_Unit_Plane.uexp" 465
"../../../Engine/Content/EngineMaterials/Substrate/GLints/AGlintTex2dArray.uasset" 466
"../../../Engine/Content/EngineMaterials/Substrate/GLints/AGlintTex2dArray.uexp" 467
"../../../Engine/Content/EngineMaterials/Substrate/Glints2/AGlintTex2dArray2.uasset" 468
"../../../Engine/Content/EngineMaterials/Substrate/Glints2/AGlintTex2dArray2.uexp" 469
"../../../Engine/Content/EngineMaterials/Substrate/Volume/SubstrateSimpleVolumeEnvLUT3D.uasset" 470
"../../../Engine/Content/EngineMaterials/Substrate/Volume/SubstrateSimpleVolumeEnvLUT3D.uexp" 471
"../../../Engine/Content/EngineMaterials/Substrate/Volume/SubstrateSimpleVolumeLUT3D.uasset" 472
"../../../Engine/Content/EngineMaterials/Substrate/Volume/SubstrateSimpleVolumeLUT3D.uexp" 473
"../../../Engine/Plugins/Interchange/Assets/Content/Utilities/New_LUT.uasset" 474
"../../../Engine/Plugins/Interchange/Assets/Content/Utilities/New_LUT.uexp" 475
"../../../Engine/Content/Functions/Engine_MaterialFunctions03/Math/RemapValueRange.uasset" 476
"../../../Engine/Content/Functions/Engine_MaterialFunctions03/Math/RemapValueRange.uexp" 477
"../../../Engine/Plugins/Interchange/Assets/Content/Functions/MF_Iridescence.uasset" 478
"../../../Engine/Plugins/Interchange/Assets/Content/Functions/MF_Iridescence.uexp" 479
"../../../Engine/Plugins/Interchange/Assets/Content/gltf/Textures/T_White_srgb.uasset" 480
"../../../Engine/Plugins/Interchange/Assets/Content/gltf/Textures/T_White_srgb.uexp" 481
"../../../Engine/Plugins/Interchange/Assets/Content/gltf/MaterialFunctions/MF_BaseColor.uasset" 482
"../../../Engine/Plugins/Interchange/Assets/Content/gltf/MaterialFunctions/MF_BaseColor.uexp" 483
"../../../Engine/Plugins/Interchange/Assets/Content/gltf/MaterialFunctions/MF_RotateV2.uasset" 484
"../../../Engine/Plugins/Interchange/Assets/Content/gltf/MaterialFunctions/MF_RotateV2.uexp" 485
"../../../Engine/Plugins/Interchange/Assets/Content/gltf/MaterialFunctions/MF_TransformUVs.uasset" 486
"../../../Engine/Plugins/Interchange/Assets/Content/gltf/MaterialFunctions/MF_TransformUVs.uexp" 487
"../../../Engine/Plugins/Interchange/Assets/Content/gltf/MaterialFunctions/MF_IOR.uasset" 488
"../../../Engine/Plugins/Interchange/Assets/Content/gltf/MaterialFunctions/MF_IOR.uexp" 489
"../../../Engine/Plugins/Interchange/Assets/Content/gltf/MaterialFunctions/MF_Iridescence.uasset" 490
"../../../Engine/Plugins/Interchange/Assets/Content/gltf/MaterialFunctions/MF_Iridescence.uexp" 491
"../../../Engine/Plugins/Interchange/Assets/Content/gltf/Textures/T_White_Linear.uasset" 492
"../../../Engine/Plugins/Interchange/Assets/Content/gltf/Textures/T_White_Linear.uexp" 493
"../../../Engine/Plugins/Interchange/Assets/Content/gltf/MaterialFunctions/MF_MetallicRoughness.uasset" 494
"../../../Engine/Plugins/Interchange/Assets/Content/gltf/MaterialFunctions/MF_MetallicRoughness.uexp" 495
"../../../Engine/Content/Functions/Engine_MaterialFunctions02/Math/Transform3x3Matrix.uasset" 496
"../../../Engine/Content/Functions/Engine_MaterialFunctions02/Math/Transform3x3Matrix.uexp" 497
"../../../Engine/Plugins/Interchange/Assets/Content/gltf/MaterialFunctions/MF_RotateNormals_TS.uasset" 498
"../../../Engine/Plugins/Interchange/Assets/Content/gltf/MaterialFunctions/MF_RotateNormals_TS.uexp" 499
"../../../Engine/Plugins/Interchange/Assets/Content/gltf/MaterialFunctions/MF_ScaleNormal.uasset" 500
"../../../Engine/Plugins/Interchange/Assets/Content/gltf/MaterialFunctions/MF_ScaleNormal.uexp" 501
"../../../Engine/Plugins/Interchange/Assets/Content/gltf/Textures/T_Generic_N.uasset" 502
"../../../Engine/Plugins/Interchange/Assets/Content/gltf/Textures/T_Generic_N.uexp" 503
"../../../Engine/Plugins/Interchange/Assets/Content/gltf/MaterialFunctions/MF_Normals.uasset" 504
"../../../Engine/Plugins/Interchange/Assets/Content/gltf/MaterialFunctions/MF_Normals.uexp" 505
"../../../Engine/Plugins/Interchange/Assets/Content/gltf/MaterialFunctions/MF_Occlusion.uasset" 506
"../../../Engine/Plugins/Interchange/Assets/Content/gltf/MaterialFunctions/MF_Occlusion.uexp" 507
"../../../Engine/Plugins/Interchange/Assets/Content/gltf/MaterialFunctions/MF_Specular.uasset" 508
"../../../Engine/Plugins/Interchange/Assets/Content/gltf/MaterialFunctions/MF_Specular.uexp" 509
"../../../Engine/Plugins/Interchange/Assets/Content/gltf/Textures/T_Anisotropy_Direction_Linear.uasset" 510
"../../../Engine/Plugins/Interchange/Assets/Content/gltf/Textures/T_Anisotropy_Direction_Linear.uexp" 511
"../../../Engine/Plugins/Interchange/Assets/Content/gltf/MaterialFunctions/MF_SpecularAnisotropy.uasset" 512
"../../../Engine/Plugins/Interchange/Assets/Content/gltf/MaterialFunctions/MF_SpecularAnisotropy.uexp" 513
"../../../Engine/Plugins/Interchange/Assets/Content/gltf/MaterialFunctions/MF_Emissive.uasset" 514
"../../../Engine/Plugins/Interchange/Assets/Content/gltf/MaterialFunctions/MF_Emissive.uexp" 515
"../../../Engine/Content/Functions/Engine_MaterialFunctions01/Texturing/FlattenNormal.uasset" 516
"../../../Engine/Content/Functions/Engine_MaterialFunctions01/Texturing/FlattenNormal.uexp" 517
"../../../Engine/Plugins/Interchange/Assets/Content/gltf/MaterialFunctions/MF_Clearcoat.uasset" 518
"../../../Engine/Plugins/Interchange/Assets/Content/gltf/MaterialFunctions/MF_Clearcoat.uexp" 519
"../../../Engine/Plugins/Interchange/Assets/Content/gltf/MaterialBodies/MF_ClearCoat_Body.uasset" 520
"../../../Engine/Plugins/Interchange/Assets/Content/gltf/MaterialBodies/MF_ClearCoat_Body.uexp" 521
"../../../Engine/Plugins/Interchange/Assets/Content/gltf/M_ClearCoat.uasset" 522
"../../../Engine/Plugins/Interchange/Assets/Content/gltf/M_ClearCoat.uexp" 523
"../../../Engine/Plugins/Interchange/Assets/Content/gltf/MaterialInstances/MI_ClearCoat_Blend.uasset" 524
"../../../Engine/Plugins/Interchange/Assets/Content/gltf/MaterialInstances/MI_ClearCoat_Blend.uexp" 525
"../../../Engine/Plugins/Interchange/Assets/Content/gltf/MaterialInstances/MI_ClearCoat_Blend_DS.uasset" 526
"../../../Engine/Plugins/Interchange/Assets/Content/gltf/MaterialInstances/MI_ClearCoat_Blend_DS.uexp" 527
"../../../Engine/Plugins/Interchange/Assets/Content/gltf/MaterialInstances/MI_ClearCoat_Mask.uasset" 528
"../../../Engine/Plugins/Interchange/Assets/Content/gltf/MaterialInstances/MI_ClearCoat_Mask.uexp" 529
"../../../Engine/Plugins/Interchange/Assets/Content/gltf/MaterialInstances/MI_ClearCoat_Mask_DS.uasset" 530
"../../../Engine/Plugins/Interchange/Assets/Content/gltf/MaterialInstances/MI_ClearCoat_Mask_DS.uexp" 531
"../../../Engine/Plugins/Interchange/Assets/Content/gltf/MaterialInstances/MI_ClearCoat_Opaque.uasset" 532
"../../../Engine/Plugins/Interchange/Assets/Content/gltf/MaterialInstances/MI_ClearCoat_Opaque.uexp" 533
"../../../Engine/Plugins/Interchange/Assets/Content/gltf/MaterialInstances/MI_ClearCoat_Opaque_DS.uasset" 534
"../../../Engine/Plugins/Interchange/Assets/Content/gltf/MaterialInstances/MI_ClearCoat_Opaque_DS.uexp" 535
"../../../Engine/Plugins/Interchange/Assets/Content/gltf/MaterialBodies/MF_Default_Body.uasset" 536
"../../../Engine/Plugins/Interchange/Assets/Content/gltf/MaterialBodies/MF_Default_Body.uexp" 537
"../../../Engine/Plugins/Interchange/Assets/Content/gltf/M_Default.uasset" 538
"../../../Engine/Plugins/Interchange/Assets/Content/gltf/M_Default.uexp" 539
"../../../Engine/Plugins/Interchange/Assets/Content/gltf/MaterialInstances/MI_Default_Blend.uasset" 540
"../../../Engine/Plugins/Interchange/Assets/Content/gltf/MaterialInstances/MI_Default_Blend.uexp" 541
"../../../Engine/Plugins/Interchange/Assets/Content/gltf/MaterialInstances/MI_Default_Blend_DS.uasset" 542
"../../../Engine/Plugins/Interchange/Assets/Content/gltf/MaterialInstances/MI_Default_Blend_DS.uexp" 543
"../../../Engine/Plugins/Interchange/Assets/Content/gltf/MaterialInstances/MI_Default_Mask.uasset" 544
"../../../Engine/Plugins/Interchange/Assets/Content/gltf/MaterialInstances/MI_Default_Mask.uexp" 545
"../../../Engine/Plugins/Interchange/Assets/Content/gltf/MaterialInstances/MI_Default_Mask_DS.uasset" 546
"../../../Engine/Plugins/Interchange/Assets/Content/gltf/MaterialInstances/MI_Default_Mask_DS.uexp" 547
"../../../Engine/Plugins/Interchange/Assets/Content/gltf/MaterialInstances/MI_Default_Opaque.uasset" 548
"../../../Engine/Plugins/Interchange/Assets/Content/gltf/MaterialInstances/MI_Default_Opaque.uexp" 549
"../../../Engine/Plugins/Interchange/Assets/Content/gltf/MaterialInstances/MI_Default_Opaque_DS.uasset" 550
"../../../Engine/Plugins/Interchange/Assets/Content/gltf/MaterialInstances/MI_Default_Opaque_DS.uexp" 551
"../../../Engine/Plugins/Interchange/Assets/Content/gltf/MaterialFunctions/MF_Sheen.uasset" 552
"../../../Engine/Plugins/Interchange/Assets/Content/gltf/MaterialFunctions/MF_Sheen.uexp" 553
"../../../Engine/Plugins/Interchange/Assets/Content/gltf/MaterialBodies/MF_Sheen_Body.uasset" 554
"../../../Engine/Plugins/Interchange/Assets/Content/gltf/MaterialBodies/MF_Sheen_Body.uexp" 555
"../../../Engine/Plugins/Interchange/Assets/Content/gltf/M_Sheen.uasset" 556
"../../../Engine/Plugins/Interchange/Assets/Content/gltf/M_Sheen.uexp" 557
"../../../Engine/Plugins/Interchange/Assets/Content/gltf/MaterialInstances/MI_Sheen_Blend.uasset" 558
"../../../Engine/Plugins/Interchange/Assets/Content/gltf/MaterialInstances/MI_Sheen_Blend.uexp" 559
"../../../Engine/Plugins/Interchange/Assets/Content/gltf/MaterialInstances/MI_Sheen_Blend_DS.uasset" 560
"../../../Engine/Plugins/Interchange/Assets/Content/gltf/MaterialInstances/MI_Sheen_Blend_DS.uexp" 561
"../../../Engine/Plugins/Interchange/Assets/Content/gltf/MaterialInstances/MI_Sheen_Mask.uasset" 562
"../../../Engine/Plugins/Interchange/Assets/Content/gltf/MaterialInstances/MI_Sheen_Mask.uexp" 563
"../../../Engine/Plugins/Interchange/Assets/Content/gltf/MaterialInstances/MI_Sheen_Mask_DS.uasset" 564
"../../../Engine/Plugins/Interchange/Assets/Content/gltf/MaterialInstances/MI_Sheen_Mask_DS.uexp" 565
"../../../Engine/Plugins/Interchange/Assets/Content/gltf/MaterialInstances/MI_Sheen_Opaque.uasset" 566
"../../../Engine/Plugins/Interchange/Assets/Content/gltf/MaterialInstances/MI_Sheen_Opaque.uexp" 567
"../../../Engine/Plugins/Interchange/Assets/Content/gltf/MaterialInstances/MI_Sheen_Opaque_DS.uasset" 568
"../../../Engine/Plugins/Interchange/Assets/Content/gltf/MaterialInstances/MI_Sheen_Opaque_DS.uexp" 569
"../../../Engine/Content/Functions/Engine_MaterialFunctions02/Math/AddComponents.uasset" 570
"../../../Engine/Content/Functions/Engine_MaterialFunctions02/Math/AddComponents.uexp" 571
"../../../Engine/Plugins/Interchange/Assets/Content/gltf/MaterialFunctions/MF_DiffuseSpecGloss.uasset" 572
"../../../Engine/Plugins/Interchange/Assets/Content/gltf/MaterialFunctions/MF_DiffuseSpecGloss.uexp" 573
"../../../Engine/Plugins/Interchange/Assets/Content/gltf/MaterialFunctions/MF_MaxComponentValue.uasset" 574
"../../../Engine/Plugins/Interchange/Assets/Content/gltf/MaterialFunctions/MF_MaxComponentValue.uexp" 575
"../../../Engine/Plugins/Interchange/Assets/Content/gltf/MaterialFunctions/MF_PerceivedBrightness.uasset" 576
"../../../Engine/Plugins/Interchange/Assets/Content/gltf/MaterialFunctions/MF_PerceivedBrightness.uexp" 577
"../../../Engine/Plugins/Interchange/Assets/Content/gltf/MaterialFunctions/MF_SpecGlossToMetalRoughness.uasset" 578
"../../../Engine/Plugins/Interchange/Assets/Content/gltf/MaterialFunctions/MF_SpecGlossToMetalRoughness.uexp" 579
"../../../Engine/Plugins/Interchange/Assets/Content/gltf/MaterialBodies/MF_SpecularGlossiness_Body.uasset" 580
"../../../Engine/Plugins/Interchange/Assets/Content/gltf/MaterialBodies/MF_SpecularGlossiness_Body.uexp" 581
"../../../Engine/Plugins/Interchange/Assets/Content/gltf/M_SpecularGlossiness.uasset" 582
"../../../Engine/Plugins/Interchange/Assets/Content/gltf/M_SpecularGlossiness.uexp" 583
"../../../Engine/Plugins/Interchange/Assets/Content/gltf/MaterialInstances/MI_SpecularGlossiness_Blend.uasset" 584
"../../../Engine/Plugins/Interchange/Assets/Content/gltf/MaterialInstances/MI_SpecularGlossiness_Blend.uexp" 585
"../../../Engine/Plugins/Interchange/Assets/Content/gltf/MaterialInstances/MI_SpecularGlossiness_Blend_DS.uasset" 586
"../../../Engine/Plugins/Interchange/Assets/Content/gltf/MaterialInstances/MI_SpecularGlossiness_Blend_DS.uexp" 587
"../../../Engine/Plugins/Interchange/Assets/Content/gltf/MaterialInstances/MI_SpecularGlossiness_Mask.uasset" 588
"../../../Engine/Plugins/Interchange/Assets/Content/gltf/MaterialInstances/MI_SpecularGlossiness_Mask.uexp" 589
"../../../Engine/Plugins/Interchange/Assets/Content/gltf/MaterialInstances/MI_SpecularGlossiness_Mask_DS.uasset" 590
"../../../Engine/Plugins/Interchange/Assets/Content/gltf/MaterialInstances/MI_SpecularGlossiness_Mask_DS.uexp" 591
"../../../Engine/Plugins/Interchange/Assets/Content/gltf/MaterialInstances/MI_SpecularGlossiness_Opaque.uasset" 592
"../../../Engine/Plugins/Interchange/Assets/Content/gltf/MaterialInstances/MI_SpecularGlossiness_Opaque.uexp" 593
"../../../Engine/Plugins/Interchange/Assets/Content/gltf/MaterialInstances/MI_SpecularGlossiness_Opaque_DS.uasset" 594
"../../../Engine/Plugins/Interchange/Assets/Content/gltf/MaterialInstances/MI_SpecularGlossiness_Opaque_DS.uexp" 595
"../../../Engine/Content/EngineMaterials/Good64x64TilingNoiseHighFreq.uasset" 596
"../../../Engine/Content/EngineMaterials/Good64x64TilingNoiseHighFreq.uexp" 597
"../../../Engine/Content/Functions/Engine_MaterialFunctions02/Texturing/ScreenAlignedPixelToPixelUVs.uasset" 598
"../../../Engine/Content/Functions/Engine_MaterialFunctions02/Texturing/ScreenAlignedPixelToPixelUVs.uexp" 599
"../../../Engine/Plugins/Interchange/Assets/Content/gltf/MaterialFunctions/MF_Fresnel_DS.uasset" 600
"../../../Engine/Plugins/Interchange/Assets/Content/gltf/MaterialFunctions/MF_Fresnel_DS.uexp" 601
"../../../Engine/Plugins/Interchange/Assets/Content/gltf/MaterialFunctions/MF_Temporal_Blur.uasset" 602
"../../../Engine/Plugins/Interchange/Assets/Content/gltf/MaterialFunctions/MF_Temporal_Blur.uexp" 603
"../../../Engine/Plugins/Interchange/Assets/Content/gltf/MaterialFunctions/MF_Transmission.uasset" 604
"../../../Engine/Plugins/Interchange/Assets/Content/gltf/MaterialFunctions/MF_Transmission.uexp" 605
"../../../Engine/Plugins/Interchange/Assets/Content/gltf/MaterialBodies/MF_Transmission_Body.uasset" 606
"../../../Engine/Plugins/Interchange/Assets/Content/gltf/MaterialBodies/MF_Transmission_Body.uexp" 607
"../../../Engine/Plugins/Interchange/Assets/Content/gltf/M_Transmission.uasset" 608
"../../../Engine/Plugins/Interchange/Assets/Content/gltf/M_Transmission.uexp" 609
"../../../Engine/Plugins/Interchange/Assets/Content/gltf/MaterialInstances/MI_Transmission.uasset" 610
"../../../Engine/Plugins/Interchange/Assets/Content/gltf/MaterialInstances/MI_Transmission.uexp" 611
"../../../Engine/Plugins/Interchange/Assets/Content/gltf/MaterialInstances/MI_Transmission_DS.uasset" 612
"../../../Engine/Plugins/Interchange/Assets/Content/gltf/MaterialInstances/MI_Transmission_DS.uexp" 613
"../../../Engine/Plugins/Interchange/Assets/Content/gltf/MaterialBodies/MF_Unlit_Body.uasset" 614
"../../../Engine/Plugins/Interchange/Assets/Content/gltf/MaterialBodies/MF_Unlit_Body.uexp" 615
"../../../Engine/Plugins/Interchange/Assets/Content/gltf/M_Unlit.uasset" 616
"../../../Engine/Plugins/Interchange/Assets/Content/gltf/M_Unlit.uexp" 617
"../../../Engine/Plugins/Interchange/Assets/Content/gltf/MaterialInstances/MI_Unlit_Blend.uasset" 618
"../../../Engine/Plugins/Interchange/Assets/Content/gltf/MaterialInstances/MI_Unlit_Blend.uexp" 619
"../../../Engine/Plugins/Interchange/Assets/Content/gltf/MaterialInstances/MI_Unlit_Blend_DS.uasset" 620
"../../../Engine/Plugins/Interchange/Assets/Content/gltf/MaterialInstances/MI_Unlit_Blend_DS.uexp" 621
"../../../Engine/Plugins/Interchange/Assets/Content/gltf/MaterialInstances/MI_Unlit_Mask.uasset" 622
"../../../Engine/Plugins/Interchange/Assets/Content/gltf/MaterialInstances/MI_Unlit_Mask.uexp" 623
"../../../Engine/Plugins/Interchange/Assets/Content/gltf/MaterialInstances/MI_Unlit_Mask_DS.uasset" 624
"../../../Engine/Plugins/Interchange/Assets/Content/gltf/MaterialInstances/MI_Unlit_Mask_DS.uexp" 625
"../../../Engine/Plugins/Interchange/Assets/Content/gltf/MaterialInstances/MI_Unlit_Opaque.uasset" 626
"../../../Engine/Plugins/Interchange/Assets/Content/gltf/MaterialInstances/MI_Unlit_Opaque.uexp" 627
"../../../Engine/Plugins/Interchange/Assets/Content/gltf/MaterialInstances/MI_Unlit_Opaque_DS.uasset" 628
"../../../Engine/Plugins/Interchange/Assets/Content/gltf/MaterialInstances/MI_Unlit_Opaque_DS.uexp" 629
"../../../Engine/Content/VREditor/TransformGizmo/TranslucentTransformGizmoMaterial.uasset" 630
"../../../Engine/Content/VREditor/TransformGizmo/TranslucentTransformGizmoMaterial.uexp" 631
"../../../Engine/Content/VREditor/LaserPointer/VR_LaserPower_01.ubulk" 632
"../../../Engine/Content/VREditor/LaserPointer/VR_LaserPower_01.uasset" 633
"../../../Engine/Content/VREditor/LaserPointer/VR_LaserPower_01.uexp" 634
"../../../Engine/Content/VREditor/TransformGizmo/TransformGizmoMaterial.uasset" 635
"../../../Engine/Content/VREditor/TransformGizmo/TransformGizmoMaterial.uexp" 636
"../../../Engine/Content/VREditor/TransformGizmo/BoundingBoxCorner.uasset" 637
"../../../Engine/Content/VREditor/TransformGizmo/BoundingBoxCorner.uexp" 638
"../../../Engine/Content/VREditor/TransformGizmo/BoundingBoxEdge.uasset" 639
"../../../Engine/Content/VREditor/TransformGizmo/BoundingBoxEdge.uexp" 640
"../../../Engine/Content/EditorMaterials/Camera/CineMat.uasset" 641
"../../../Engine/Content/EditorMaterials/Camera/CineMat.uexp" 642
"../../../Engine/Content/EditorMaterials/Camera/MI_CineMat_Rig.uasset" 643
"../../../Engine/Content/EditorMaterials/Camera/MI_CineMat_Rig.uexp" 644
"../../../Engine/Content/EditorMeshes/Camera/SM_CraneRig_Arm.uasset" 645
"../../../Engine/Content/EditorMeshes/Camera/SM_CraneRig_Arm.uexp" 646
"../../../Engine/Content/EditorMeshes/Camera/SM_CraneRig_Base.uasset" 647
"../../../Engine/Content/EditorMeshes/Camera/SM_CraneRig_Base.uexp" 648
"../../../Engine/Content/EditorMeshes/Camera/SM_CraneRig_Body.uasset" 649
"../../../Engine/Content/EditorMeshes/Camera/SM_CraneRig_Body.uexp" 650
"../../../Engine/Content/EditorMeshes/Camera/SM_CraneRig_Mount.uasset" 651
"../../../Engine/Content/EditorMeshes/Camera/SM_CraneRig_Mount.uexp" 652
"../../../Engine/Content/EditorMeshes/Camera/SM_RailRig_Mount.uasset" 653
"../../../Engine/Content/EditorMeshes/Camera/SM_RailRig_Mount.uexp" 654
"../../../Engine/Content/EditorMeshes/Camera/SM_RailRig_Track.uasset" 655
"../../../Engine/Content/EditorMeshes/Camera/SM_RailRig_Track.uexp" 656
"../../../Engine/Content/EngineMaterials/WeightMapPlaceholderTexture.uasset" 657
"../../../Engine/Content/EngineMaterials/WeightMapPlaceholderTexture.uexp" 658
"../../../Engine/Content/EngineMaterials/WeightMapArrayPlaceholderTexture.uasset" 659
"../../../Engine/Content/EngineMaterials/WeightMapArrayPlaceholderTexture.uexp" 660
"../../../Engine/Content/EngineResources/WhiteSquareTexture.uasset" 661
"../../../Engine/Content/EngineResources/WhiteSquareTexture.uexp" 662
"../../../Engine/Content/EngineMaterials/Widget3DPassThrough.uasset" 663
"../../../Engine/Content/EngineMaterials/Widget3DPassThrough.uexp" 664
"../../../Engine/Content/EngineMaterials/Widget3DPassThrough_Masked.uasset" 665
"../../../Engine/Content/EngineMaterials/Widget3DPassThrough_Masked.uexp" 666
"../../../Engine/Content/EngineMaterials/Widget3DPassThrough_Opaque.uasset" 667
"../../../Engine/Content/EngineMaterials/Widget3DPassThrough_Opaque.uexp" 668
"../../../Engine/Content/EngineMaterials/Widget3DPassThrough_Masked_OneSided.uasset" 669
"../../../Engine/Content/EngineMaterials/Widget3DPassThrough_Masked_OneSided.uexp" 670
"../../../Engine/Content/EngineMaterials/Widget3DPassThrough_Opaque_OneSided.uasset" 671
"../../../Engine/Content/EngineMaterials/Widget3DPassThrough_Opaque_OneSided.uexp" 672
"../../../Engine/Content/EngineMaterials/Widget3DPassThrough_Translucent.uasset" 673
"../../../Engine/Content/EngineMaterials/Widget3DPassThrough_Translucent.uexp" 674
"../../../Engine/Content/EngineMaterials/Widget3DPassThrough_Translucent_OneSided.uasset" 675
"../../../Engine/Content/EngineMaterials/Widget3DPassThrough_Translucent_OneSided.uexp" 676
"../../../Engine/Content/EngineResources/LandscapeVisibilityLayerInfo.uasset" 677
"../../../Engine/Content/EngineResources/LandscapeVisibilityLayerInfo.uexp" 678
"../../../Engine/Plugins/Animation/ControlRig/Content/Controls/ControlRig_Arrow2_1mm.uasset" 679
"../../../Engine/Plugins/Animation/ControlRig/Content/Controls/ControlRig_Arrow2_1mm.uexp" 680
"../../../Engine/Plugins/Animation/ControlRig/Content/Controls/ControlRig_Arrow2_3mm.uasset" 681
"../../../Engine/Plugins/Animation/ControlRig/Content/Controls/ControlRig_Arrow2_3mm.uexp" 682
"../../../Engine/Plugins/Animation/ControlRig/Content/Controls/ControlRig_Arrow2_solid.uasset" 683
"../../../Engine/Plugins/Animation/ControlRig/Content/Controls/ControlRig_Arrow2_solid.uexp" 684
"../../../Engine/Plugins/Animation/ControlRig/Content/Controls/ControlRig_Arrow4_1mm.uasset" 685
"../../../Engine/Plugins/Animation/ControlRig/Content/Controls/ControlRig_Arrow4_1mm.uexp" 686
"../../../Engine/Plugins/Animation/ControlRig/Content/Controls/ControlRig_Arrow4_3mm.uasset" 687
"../../../Engine/Plugins/Animation/ControlRig/Content/Controls/ControlRig_Arrow4_3mm.uexp" 688
"../../../Engine/Plugins/Animation/ControlRig/Content/Controls/ControlRig_Arrow4_solid.uasset" 689
"../../../Engine/Plugins/Animation/ControlRig/Content/Controls/ControlRig_Arrow4_solid.uexp" 690
"../../../Engine/Plugins/Animation/ControlRig/Content/Controls/ControlRig_Arrow_1mm.uasset" 691
"../../../Engine/Plugins/Animation/ControlRig/Content/Controls/ControlRig_Arrow_1mm.uexp" 692
"../../../Engine/Plugins/Animation/ControlRig/Content/Controls/ControlRig_Arrow_3mm.uasset" 693
"../../../Engine/Plugins/Animation/ControlRig/Content/Controls/ControlRig_Arrow_3mm.uexp" 694
"../../../Engine/Plugins/Animation/ControlRig/Content/Controls/ControlRig_Arrow_solid.uasset" 695
"../../../Engine/Plugins/Animation/ControlRig/Content/Controls/ControlRig_Arrow_solid.uexp" 696
"../../../Engine/Plugins/Animation/ControlRig/Content/Controls/ControlRig_Box_1mm.uasset" 697
"../../../Engine/Plugins/Animation/ControlRig/Content/Controls/ControlRig_Box_1mm.uexp" 698
"../../../Engine/Plugins/Animation/ControlRig/Content/Controls/ControlRig_Box_3mm.uasset" 699
"../../../Engine/Plugins/Animation/ControlRig/Content/Controls/ControlRig_Box_3mm.uexp" 700
"../../../Engine/Plugins/Animation/ControlRig/Content/Controls/ControlRig_Box_solid.uasset" 701
"../../../Engine/Plugins/Animation/ControlRig/Content/Controls/ControlRig_Box_solid.uexp" 702
"../../../Engine/Plugins/Animation/ControlRig/Content/Controls/ControlRig_Circle_1mm.uasset" 703
"../../../Engine/Plugins/Animation/ControlRig/Content/Controls/ControlRig_Circle_1mm.uexp" 704
"../../../Engine/Plugins/Animation/ControlRig/Content/Controls/ControlRig_Circle_3mm.uasset" 705
"../../../Engine/Plugins/Animation/ControlRig/Content/Controls/ControlRig_Circle_3mm.uexp" 706
"../../../Engine/Plugins/Animation/ControlRig/Content/Controls/ControlRig_Circle_solid.uasset" 707
"../../../Engine/Plugins/Animation/ControlRig/Content/Controls/ControlRig_Circle_solid.uexp" 708
"../../../Engine/Plugins/Animation/ControlRig/Content/Controls/ControlRig_Diamond_1mm.uasset" 709
"../../../Engine/Plugins/Animation/ControlRig/Content/Controls/ControlRig_Diamond_1mm.uexp" 710
"../../../Engine/Plugins/Animation/ControlRig/Content/Controls/ControlRig_Diamond_3mm.uasset" 711
"../../../Engine/Plugins/Animation/ControlRig/Content/Controls/ControlRig_Diamond_3mm.uexp" 712
"../../../Engine/Plugins/Animation/ControlRig/Content/Controls/ControlRig_Diamond_solid.uasset" 713
"../../../Engine/Plugins/Animation/ControlRig/Content/Controls/ControlRig_Diamond_solid.uexp" 714
"../../../Engine/Plugins/Animation/ControlRig/Content/Controls/ControlRig_HalfCircle_1mm.uasset" 715
"../../../Engine/Plugins/Animation/ControlRig/Content/Controls/ControlRig_HalfCircle_1mm.uexp" 716
"../../../Engine/Plugins/Animation/ControlRig/Content/Controls/ControlRig_HalfCircle_3mm.uasset" 717
"../../../Engine/Plugins/Animation/ControlRig/Content/Controls/ControlRig_HalfCircle_3mm.uexp" 718
"../../../Engine/Plugins/Animation/ControlRig/Content/Controls/ControlRig_HalfCircle_solid.uasset" 719
"../../../Engine/Plugins/Animation/ControlRig/Content/Controls/ControlRig_HalfCircle_solid.uexp" 720
"../../../Engine/Plugins/Animation/ControlRig/Content/Controls/ControlRig_Hexagon_1mm.uasset" 721
"../../../Engine/Plugins/Animation/ControlRig/Content/Controls/ControlRig_Hexagon_1mm.uexp" 722
"../../../Engine/Plugins/Animation/ControlRig/Content/Controls/ControlRig_Hexagon_3mm.uasset" 723
"../../../Engine/Plugins/Animation/ControlRig/Content/Controls/ControlRig_Hexagon_3mm.uexp" 724
"../../../Engine/Plugins/Animation/ControlRig/Content/Controls/ControlRig_Hexagon_solid.uasset" 725
"../../../Engine/Plugins/Animation/ControlRig/Content/Controls/ControlRig_Hexagon_solid.uexp" 726
"../../../Engine/Plugins/Animation/ControlRig/Content/Controls/ControlRig_Octagon_1mm.uasset" 727
"../../../Engine/Plugins/Animation/ControlRig/Content/Controls/ControlRig_Octagon_1mm.uexp" 728
"../../../Engine/Plugins/Animation/ControlRig/Content/Controls/ControlRig_Octagon_3mm.uasset" 729
"../../../Engine/Plugins/Animation/ControlRig/Content/Controls/ControlRig_Octagon_3mm.uexp" 730
"../../../Engine/Plugins/Animation/ControlRig/Content/Controls/ControlRig_Octagon_solid.uasset" 731
"../../../Engine/Plugins/Animation/ControlRig/Content/Controls/ControlRig_Octagon_solid.uexp" 732
"../../../Engine/Plugins/Animation/ControlRig/Content/Controls/ControlRig_Pyramid_1mm.uasset" 733
"../../../Engine/Plugins/Animation/ControlRig/Content/Controls/ControlRig_Pyramid_1mm.uexp" 734
"../../../Engine/Plugins/Animation/ControlRig/Content/Controls/ControlRig_Pyramid_3mm.uasset" 735
"../../../Engine/Plugins/Animation/ControlRig/Content/Controls/ControlRig_Pyramid_3mm.uexp" 736
"../../../Engine/Plugins/Animation/ControlRig/Content/Controls/ControlRig_Pyramid_solid.uasset" 737
"../../../Engine/Plugins/Animation/ControlRig/Content/Controls/ControlRig_Pyramid_solid.uexp" 738
"../../../Engine/Plugins/Animation/ControlRig/Content/Controls/ControlRig_QuarterCircle_1mm.uasset" 739
"../../../Engine/Plugins/Animation/ControlRig/Content/Controls/ControlRig_QuarterCircle_1mm.uexp" 740
"../../../Engine/Plugins/Animation/ControlRig/Content/Controls/ControlRig_QuarterCircle_3mm.uasset" 741
"../../../Engine/Plugins/Animation/ControlRig/Content/Controls/ControlRig_QuarterCircle_3mm.uexp" 742
"../../../Engine/Plugins/Animation/ControlRig/Content/Controls/ControlRig_QuarterCircle_solid.uasset" 743
"../../../Engine/Plugins/Animation/ControlRig/Content/Controls/ControlRig_QuarterCircle_solid.uexp" 744
"../../../Engine/Plugins/Animation/ControlRig/Content/Controls/ControlRig_RoundedSquare_1mm.uasset" 745
"../../../Engine/Plugins/Animation/ControlRig/Content/Controls/ControlRig_RoundedSquare_1mm.uexp" 746
"../../../Engine/Plugins/Animation/ControlRig/Content/Controls/ControlRig_RoundedSquare_3mm.uasset" 747
"../../../Engine/Plugins/Animation/ControlRig/Content/Controls/ControlRig_RoundedSquare_3mm.uexp" 748
"../../../Engine/Plugins/Animation/ControlRig/Content/Controls/ControlRig_RoundedSquare_solid.uasset" 749
"../../../Engine/Plugins/Animation/ControlRig/Content/Controls/ControlRig_RoundedSquare_solid.uexp" 750
"../../../Engine/Plugins/Animation/ControlRig/Content/Controls/ControlRig_RoundedTriangle_1mm.uasset" 751
"../../../Engine/Plugins/Animation/ControlRig/Content/Controls/ControlRig_RoundedTriangle_1mm.uexp" 752
"../../../Engine/Plugins/Animation/ControlRig/Content/Controls/ControlRig_RoundedTriangle_3mm.uasset" 753
"../../../Engine/Plugins/Animation/ControlRig/Content/Controls/ControlRig_RoundedTriangle_3mm.uexp" 754
"../../../Engine/Plugins/Animation/ControlRig/Content/Controls/ControlRig_RoundedTriangle_solid.uasset" 755
"../../../Engine/Plugins/Animation/ControlRig/Content/Controls/ControlRig_RoundedTriangle_solid.uexp" 756
"../../../Engine/Plugins/Animation/ControlRig/Content/Controls/ControlRig_Sphere_1mm.uasset" 757
"../../../Engine/Plugins/Animation/ControlRig/Content/Controls/ControlRig_Sphere_1mm.uexp" 758
"../../../Engine/Plugins/Animation/ControlRig/Content/Controls/ControlRig_Sphere_3mm.uasset" 759
"../../../Engine/Plugins/Animation/ControlRig/Content/Controls/ControlRig_Sphere_3mm.uexp" 760
"../../../Engine/Plugins/Animation/ControlRig/Content/Controls/ControlRig_Sphere_solid.uasset" 761
"../../../Engine/Plugins/Animation/ControlRig/Content/Controls/ControlRig_Sphere_solid.uexp" 762
"../../../Engine/Plugins/Animation/ControlRig/Content/Controls/ControlRig_Square_1mm.uasset" 763
"../../../Engine/Plugins/Animation/ControlRig/Content/Controls/ControlRig_Square_1mm.uexp" 764
"../../../Engine/Plugins/Animation/ControlRig/Content/Controls/ControlRig_Square_3mm.uasset" 765
"../../../Engine/Plugins/Animation/ControlRig/Content/Controls/ControlRig_Square_3mm.uexp" 766
"../../../Engine/Plugins/Animation/ControlRig/Content/Controls/ControlRig_Square_solid.uasset" 767
"../../../Engine/Plugins/Animation/ControlRig/Content/Controls/ControlRig_Square_solid.uexp" 768
"../../../Engine/Plugins/Animation/ControlRig/Content/Controls/ControlRig_Star4_1mm.uasset" 769
"../../../Engine/Plugins/Animation/ControlRig/Content/Controls/ControlRig_Star4_1mm.uexp" 770
"../../../Engine/Plugins/Animation/ControlRig/Content/Controls/ControlRig_Star4_3mm.uasset" 771
"../../../Engine/Plugins/Animation/ControlRig/Content/Controls/ControlRig_Star4_3mm.uexp" 772
"../../../Engine/Plugins/Animation/ControlRig/Content/Controls/ControlRig_Star4_solid.uasset" 773
"../../../Engine/Plugins/Animation/ControlRig/Content/Controls/ControlRig_Star4_solid.uexp" 774
"../../../Engine/Plugins/Animation/ControlRig/Content/Controls/ControlRig_Triangle_1mm.uasset" 775
"../../../Engine/Plugins/Animation/ControlRig/Content/Controls/ControlRig_Triangle_1mm.uexp" 776
"../../../Engine/Plugins/Animation/ControlRig/Content/Controls/ControlRig_Triangle_3mm.uasset" 777
"../../../Engine/Plugins/Animation/ControlRig/Content/Controls/ControlRig_Triangle_3mm.uexp" 778
"../../../Engine/Plugins/Animation/ControlRig/Content/Controls/ControlRig_Triangle_solid.uasset" 779
"../../../Engine/Plugins/Animation/ControlRig/Content/Controls/ControlRig_Triangle_solid.uexp" 780
"../../../Engine/Plugins/Animation/ControlRig/Content/Controls/ControlRig_Wedge_1mm.uasset" 781
"../../../Engine/Plugins/Animation/ControlRig/Content/Controls/ControlRig_Wedge_1mm.uexp" 782
"../../../Engine/Plugins/Animation/ControlRig/Content/Controls/ControlRig_Wedge_3mm.uasset" 783
"../../../Engine/Plugins/Animation/ControlRig/Content/Controls/ControlRig_Wedge_3mm.uexp" 784
"../../../Engine/Plugins/Animation/ControlRig/Content/Controls/ControlRig_Wedge_solid.uasset" 785
"../../../Engine/Plugins/Animation/ControlRig/Content/Controls/ControlRig_Wedge_solid.uexp" 786
"../../../Engine/Content/EngineMaterials/DefaultMaterial.uasset" 787
"../../../Engine/Content/EngineMaterials/DefaultMaterial.uexp" 788
"../../../Engine/Content/BasicShapes/Cone.uasset" 789
"../../../Engine/Content/BasicShapes/Cone.uexp" 790
"../../../Engine/Content/BasicShapes/Cube.uasset" 791
"../../../Engine/Content/BasicShapes/Cube.uexp" 792
"../../../Engine/Content/BasicShapes/Cylinder.uasset" 793
"../../../Engine/Content/BasicShapes/Cylinder.uexp" 794
"../../../Engine/Content/BasicShapes/Plane.uasset" 795
"../../../Engine/Content/BasicShapes/Plane.uexp" 796
"../../../Engine/Content/BasicShapes/Sphere.uasset" 797
"../../../Engine/Content/BasicShapes/Sphere.uexp" 798
"../../../Engine/Content/EditorLandscapeResources/ColorMaskBrushMaterial.uasset" 799
"../../../Engine/Content/EditorLandscapeResources/ColorMaskBrushMaterial.uexp" 800
"../../../Engine/Content/EditorLandscapeResources/ColorMaskBrushMaterial_MaskedRegion.uasset" 801
"../../../Engine/Content/EditorLandscapeResources/ColorMaskBrushMaterial_MaskedRegion.uexp" 802
"../../../Engine/Content/Functions/Engine_MaterialFunctions03/Math/WithinRangeFloat2.uasset" 803
"../../../Engine/Content/Functions/Engine_MaterialFunctions03/Math/WithinRangeFloat2.uexp" 804
"../../../Engine/Content/EditorLandscapeResources/MaskBrushMaterial.uasset" 805
"../../../Engine/Content/EditorLandscapeResources/MaskBrushMaterial.uexp" 806
"../../../Engine/Content/EditorLandscapeResources/MaskBrushMaterial_MaskedRegion.uasset" 807
"../../../Engine/Content/EditorLandscapeResources/MaskBrushMaterial_MaskedRegion.uexp" 808
"../../../Engine/Content/EditorLandscapeResources/SelectBrushMaterial.uasset" 809
"../../../Engine/Content/EditorLandscapeResources/SelectBrushMaterial.uexp" 810
"../../../Engine/Content/EditorLandscapeResources/SelectBrushMaterial_Selected.uasset" 811
"../../../Engine/Content/EditorLandscapeResources/SelectBrushMaterial_Selected.uexp" 812
"../../../Engine/Content/EditorLandscapeResources/SelectBrushMaterial_SelectedRegion.uasset" 813
"../../../Engine/Content/EditorLandscapeResources/SelectBrushMaterial_SelectedRegion.uexp" 814
"../../../Engine/Content/EditorLandscapeResources/SplineEditorMeshMat.uasset" 815
"../../../Engine/Content/EditorLandscapeResources/SplineEditorMeshMat.uexp" 816
"../../../Engine/Content/EditorLandscapeResources/SplineEditorMesh.uasset" 817
"../../../Engine/Content/EditorLandscapeResources/SplineEditorMesh.uexp" 818
"../../../Engine/Plugins/Media/MediaPlate/Content/SM_MediaPlateScreen.uasset" 819
"../../../Engine/Plugins/Media/MediaPlate/Content/SM_MediaPlateScreen.uexp" 820
"../../../Engine/Plugins/2D/Paper2D/Content/DefaultSpriteMaterial.uasset" 821
"../../../Engine/Plugins/2D/Paper2D/Content/DefaultSpriteMaterial.uexp" 822
"../../../Engine/Plugins/2D/Paper2D/Content/MaskedUnlitSpriteMaterial.uasset" 823
"../../../Engine/Plugins/2D/Paper2D/Content/MaskedUnlitSpriteMaterial.uexp" 824
"../../../Engine/Plugins/2D/Paper2D/Content/OpaqueUnlitSpriteMaterial.uasset" 825
"../../../Engine/Plugins/2D/Paper2D/Content/OpaqueUnlitSpriteMaterial.uexp" 826
"../../../Engine/Content/VREditor/TransformGizmo/TranslucentTransformGizmoMaterial_Inst.uasset" 827
"../../../Engine/Content/VREditor/TransformGizmo/TranslucentTransformGizmoMaterial_Inst.uexp" 828
"../../../Engine/Content/VREditor/Sounds/UI/Drop_Item_From_ContentBrowser.ubulk" 829
"../../../Engine/Content/VREditor/Sounds/UI/Drop_Item_From_ContentBrowser.uasset" 830
"../../../Engine/Content/VREditor/Sounds/UI/Drop_Item_From_ContentBrowser.uexp" 831
"../../../Engine/Content/VREditor/TransformGizmo/TransformGizmoMaterial_Inst.uasset" 832
"../../../Engine/Content/VREditor/TransformGizmo/TransformGizmoMaterial_Inst.uexp" 833
"../../../Engine/Content/VREditor/TransformGizmo/UniformScaleHandle.uasset" 834
"../../../Engine/Content/VREditor/TransformGizmo/UniformScaleHandle.uexp" 835
"../../../Engine/Content/VREditor/TransformGizmo/TranslateArrowHandle.uasset" 836
"../../../Engine/Content/VREditor/TransformGizmo/TranslateArrowHandle.uexp" 837
"../../../Engine/Content/Functions/Engine_MaterialFunctions02/SplitComponents.uasset" 838
"../../../Engine/Content/Functions/Engine_MaterialFunctions02/SplitComponents.uexp" 839
"../../../Engine/Content/VREditor/SnapGrid/SnapGridMaterial.uasset" 840
"../../../Engine/Content/VREditor/SnapGrid/SnapGridMaterial.uexp" 841
"../../../Engine/Content/VREditor/SnapGrid/SnapGridPlaneMesh.uasset" 842
"../../../Engine/Content/VREditor/SnapGrid/SnapGridPlaneMesh.uexp" 843
"../../../Engine/Content/VREditor/Sounds/UI/Gizmo_Handle_Clicked.ubulk" 844
"../../../Engine/Content/VREditor/Sounds/UI/Gizmo_Handle_Clicked.uasset" 845
"../../../Engine/Content/VREditor/Sounds/UI/Gizmo_Handle_Clicked.uexp" 846
"../../../Engine/Content/VREditor/Sounds/UI/Object_PickUp.ubulk" 847
"../../../Engine/Content/VREditor/Sounds/UI/Object_PickUp.uasset" 848
"../../../Engine/Content/VREditor/Sounds/UI/Object_PickUp.uexp" 849
"../../../Engine/Content/VREditor/Sounds/UI/Object_Snaps_To_Another_Actor.ubulk" 850
"../../../Engine/Content/VREditor/Sounds/UI/Object_Snaps_To_Another_Actor.uasset" 851
"../../../Engine/Content/VREditor/Sounds/UI/Object_Snaps_To_Another_Actor.uexp" 852
"../../../Engine/Content/VREditor/Sounds/UI/Object_Snaps_To_Grid.ubulk" 853
"../../../Engine/Content/VREditor/Sounds/UI/Object_Snaps_To_Grid.uasset" 854
"../../../Engine/Content/VREditor/Sounds/UI/Object_Snaps_To_Grid.uexp" 855
"../../../Engine/Content/VREditor/Sounds/UI/Scaling_Down.ubulk" 856
"../../../Engine/Content/VREditor/Sounds/UI/Scaling_Down.uasset" 857
"../../../Engine/Content/VREditor/Sounds/UI/Scaling_Down.uexp" 858
"../../../Engine/Content/VREditor/Sounds/UI/Scaling_Up.ubulk" 859
"../../../Engine/Content/VREditor/Sounds/UI/Scaling_Up.uasset" 860
"../../../Engine/Content/VREditor/Sounds/UI/Scaling_Up.uexp" 861
"../../../Engine/Content/VREditor/Sounds/UI/Selection_Changes.ubulk" 862
"../../../Engine/Content/VREditor/Sounds/UI/Selection_Changes.uasset" 863
"../../../Engine/Content/VREditor/Sounds/UI/Selection_Changes.uexp" 864
"../../../Engine/Content/VREditor/TransformGizmo/PlaneTranslationHandle.uasset" 865
"../../../Engine/Content/VREditor/TransformGizmo/PlaneTranslationHandle.uexp" 866
"../../../Engine/Content/VREditor/TransformGizmo/RotationHandleFull.uasset" 867
"../../../Engine/Content/VREditor/TransformGizmo/RotationHandleFull.uexp" 868
"../../../Engine/Content/VREditor/TransformGizmo/RotationHandleIndicator.uasset" 869
"../../../Engine/Content/VREditor/TransformGizmo/RotationHandleIndicator.uexp" 870
"../../../Engine/Content/VREditor/TransformGizmo/RotationHandleQuarter.uasset" 871
"../../../Engine/Content/VREditor/TransformGizmo/RotationHandleQuarter.uexp" 872
"../../../Engine/Content/VREditor/TransformGizmo/StartRotationHandleIndicator.uasset" 873
"../../../Engine/Content/VREditor/TransformGizmo/StartRotationHandleIndicator.uexp" 874
"../../../Engine/Content/VREditor/TransformGizmo/TransformGizmoFreeRotation.uasset" 875
"../../../Engine/Content/VREditor/TransformGizmo/TransformGizmoFreeRotation.uexp" 876
"../../../Engine/Plugins/Animation/DeformerGraph/Content/DeformerFunctions/DG_Function_LinearBlendSkin_Morph_Cloth.uasset" 877
"../../../Engine/Plugins/Animation/DeformerGraph/Content/DeformerFunctions/DG_Function_LinearBlendSkin_Morph_Cloth.uexp" 878
"../../../Engine/Plugins/Animation/DeformerGraph/Content/Deformers/DG_LinearBlendSkin_Morph_Cloth.uasset" 879
"../../../Engine/Plugins/Animation/DeformerGraph/Content/Deformers/DG_LinearBlendSkin_Morph_Cloth.uexp" 880
"../../../Engine/Plugins/Animation/DeformerGraph/Content/DeformerFunctions/DG_Function_LinearBlendSkin_Morph_Cloth_PositionOnly.uasset" 881
"../../../Engine/Plugins/Animation/DeformerGraph/Content/DeformerFunctions/DG_Function_LinearBlendSkin_Morph_Cloth_PositionOnly.uexp" 882
"../../../Engine/Plugins/Animation/DeformerGraph/Content/DeformerFunctions/DG_Function_ComputeNormalsTangents.uasset" 883
"../../../Engine/Plugins/Animation/DeformerGraph/Content/DeformerFunctions/DG_Function_ComputeNormalsTangents.uexp" 884
"../../../Engine/Plugins/Animation/DeformerGraph/Content/Deformers/DG_LinearBlendSkin_Morph_Cloth_RecomputeNormals.uasset" 885
"../../../Engine/Plugins/Animation/DeformerGraph/Content/Deformers/DG_LinearBlendSkin_Morph_Cloth_RecomputeNormals.uexp" 886
"../../../Engine/Content/Maps/Entry_BuiltData.uasset" 887
"../../../Engine/Content/Maps/Entry_BuiltData.uexp" 888
"../../../Engine/Content/Maps/Entry.uexp" 889
"../../../Engine/Content/Maps/Entry.umap" 890
"C:/Users/K2511209/Toon-Tank-Mania 5.6/Content/Assets/UI/Fonts/WickedMouse-aGoK.uexp" 891
"C:/Users/K2511209/Toon-Tank-Mania 5.6/Content/Assets/UI/Fonts/WickedMouse-aGoK.uasset" 892
"C:/Users/K2511209/Toon-Tank-Mania 5.6/Content/Assets/UI/Fonts/WickedMouse-aGoK.ufont" 893
"C:/Users/K2511209/Toon-Tank-Mania 5.6/Content/Assets/UI/Fonts/WickedMouse-aGoK_Font.uasset" 894
"C:/Users/K2511209/Toon-Tank-Mania 5.6/Content/Assets/UI/Fonts/WickedMouse-aGoK_Font.uexp" 895
"C:/Users/K2511209/Toon-Tank-Mania 5.6/Content/Assets/UI/Sprites/Button_BG/button_rectangle_depth_flat.uasset" 896
"C:/Users/K2511209/Toon-Tank-Mania 5.6/Content/Assets/UI/Sprites/Button_BG/button_rectangle_depth_flat.uexp" 897
"C:/Users/K2511209/Toon-Tank-Mania 5.6/Content/Assets/UI/Sprites/Button_BG/button_rectangle_depth_gloss.uasset" 898
"C:/Users/K2511209/Toon-Tank-Mania 5.6/Content/Assets/UI/Sprites/Button_BG/button_rectangle_depth_gloss.uexp" 899
"C:/Users/K2511209/Toon-Tank-Mania 5.6/Content/Assets/UI/Sprites/Button_BG/button_rectangle_gloss.uasset" 900
"C:/Users/K2511209/Toon-Tank-Mania 5.6/Content/Assets/UI/Sprites/Button_BG/button_rectangle_gloss.uexp" 901
"C:/Users/K2511209/Toon-Tank-Mania 5.6/Content/Assets/UI/Sprites/Icons/arrow_left.uasset" 902
"C:/Users/K2511209/Toon-Tank-Mania 5.6/Content/Assets/UI/Sprites/Icons/arrow_left.uexp" 903
"C:/Users/K2511209/Toon-Tank-Mania 5.6/Content/Assets/UI/Sprites/Icons/arrow_right.uasset" 904
"C:/Users/K2511209/Toon-Tank-Mania 5.6/Content/Assets/UI/Sprites/Icons/arrow_right.uexp" 905
"C:/Users/K2511209/Toon-Tank-Mania 5.6/Content/Assets/UI/Texture/BG_Blurred_Img.uasset" 906
"C:/Users/K2511209/Toon-Tank-Mania 5.6/Content/Assets/UI/Texture/BG_Blurred_Img.uexp" 907
"C:/Users/K2511209/Toon-Tank-Mania 5.6/Content/Blueprints/WBP_OptMenu.uasset" 908
"C:/Users/K2511209/Toon-Tank-Mania 5.6/Content/Blueprints/WBP_OptMenu.uexp" 909
"C:/Users/K2511209/Toon-Tank-Mania 5.6/Content/Assets/UI/Texture/Background_Img.uasset" 910
"C:/Users/K2511209/Toon-Tank-Mania 5.6/Content/Assets/UI/Texture/Background_Img.uexp" 911
"C:/Users/K2511209/Toon-Tank-Mania 5.6/Content/Assets/UI/Texture/Icon_Img.uasset" 912
"C:/Users/K2511209/Toon-Tank-Mania 5.6/Content/Assets/UI/Texture/Icon_Img.uexp" 913
"C:/Users/K2511209/Toon-Tank-Mania 5.6/Content/Blueprints/WBP_MM.uasset" 914
"C:/Users/K2511209/Toon-Tank-Mania 5.6/Content/Blueprints/WBP_MM.uexp" 915
"C:/Users/K2511209/Toon-Tank-Mania 5.6/Content/Blueprints/BP_MenuGM.uasset" 916
"C:/Users/K2511209/Toon-Tank-Mania 5.6/Content/Blueprints/BP_MenuGM.uexp" 917
"C:/Users/K2511209/Toon-Tank-Mania 5.6/Content/Maps/Main_Menu.uexp" 918
"C:/Users/K2511209/Toon-Tank-Mania 5.6/Content/Maps/Main_Menu.umap" 919
